2006.01.24 18:49 A D:\mtb-lohja_html\uusi\public_html\yabbfiles\Smilies\2vrolijk_08.gif --> www.mtb-lohja.com /mtb-lohja_html/yabbfiles/Smilies 2vrolijk_08.gif
2006.01.24 18:49 A D:\mtb-lohja_html\uusi\public_html\yabbfiles\Smilies\angry.gif --> www.mtb-lohja.com /mtb-lohja_html/yabbfiles/Smilies angry.gif
2006.01.24 18:49 A D:\mtb-lohja_html\uusi\public_html\yabbfiles\Smilies\bath.gif --> www.mtb-lohja.com /mtb-lohja_html/yabbfiles/Smilies bath.gif
2006.01.24 18:49 A D:\mtb-lohja_html\uusi\public_html\yabbfiles\Smilies\beer.gif --> www.mtb-lohja.com /mtb-lohja_html/yabbfiles/Smilies beer.gif
2006.01.24 18:49 A D:\mtb-lohja_html\uusi\public_html\yabbfiles\Smilies\birthdays.gif --> www.mtb-lohja.com /mtb-lohja_html/yabbfiles/Smilies birthdays.gif
2006.01.24 18:49 A D:\mtb-lohja_html\uusi\public_html\yabbfiles\Smilies\cheesy.gif --> www.mtb-lohja.com /mtb-lohja_html/yabbfiles/Smilies cheesy.gif
2006.01.24 18:49 A D:\mtb-lohja_html\uusi\public_html\yabbfiles\Smilies\cool.gif --> www.mtb-lohja.com /mtb-lohja_html/yabbfiles/Smilies cool.gif
2006.01.24 18:49 A D:\mtb-lohja_html\uusi\public_html\yabbfiles\Smilies\cry.gif --> www.mtb-lohja.com /mtb-lohja_html/yabbfiles/Smilies cry.gif
2006.01.24 18:49 A D:\mtb-lohja_html\uusi\public_html\yabbfiles\Smilies\dankk2.gif --> www.mtb-lohja.com /mtb-lohja_html/yabbfiles/Smilies dankk2.gif
2006.01.24 18:49 A D:\mtb-lohja_html\uusi\public_html\yabbfiles\Smilies\embarassed.gif --> www.mtb-lohja.com /mtb-lohja_html/yabbfiles/Smilies embarassed.gif
2006.01.24 18:49 A D:\mtb-lohja_html\uusi\public_html\yabbfiles\Smilies\engel017.gif --> www.mtb-lohja.com /mtb-lohja_html/yabbfiles/Smilies engel017.gif
2006.01.24 18:49 A D:\mtb-lohja_html\uusi\public_html\yabbfiles\Smilies\evil.gif --> www.mtb-lohja.com /mtb-lohja_html/yabbfiles/Smilies evil.gif
2006.01.24 18:49 A D:\mtb-lohja_html\uusi\public_html\yabbfiles\Smilies\grin.gif --> www.mtb-lohja.com /mtb-lohja_html/yabbfiles/Smilies grin.gif
2006.01.24 18:49 A D:\mtb-lohja_html\uusi\public_html\yabbfiles\Smilies\happy.gif --> www.mtb-lohja.com /mtb-lohja_html/yabbfiles/Smilies happy.gif
2006.01.24 18:49 A D:\mtb-lohja_html\uusi\public_html\yabbfiles\Smilies\huh.gif --> www.mtb-lohja.com /mtb-lohja_html/yabbfiles/Smilies huh.gif
2006.01.24 18:49 A D:\mtb-lohja_html\uusi\public_html\yabbfiles\Smilies\kiss.gif --> www.mtb-lohja.com /mtb-lohja_html/yabbfiles/Smilies kiss.gif
2006.01.24 18:49 A D:\mtb-lohja_html\uusi\public_html\yabbfiles\Smilies\laugh.gif --> www.mtb-lohja.com /mtb-lohja_html/yabbfiles/Smilies laugh.gif
2006.01.24 18:49 A D:\mtb-lohja_html\uusi\public_html\yabbfiles\Smilies\lipsrsealed.gif --> www.mtb-lohja.com /mtb-lohja_html/yabbfiles/Smilies lipsrsealed.gif
2006.01.24 18:49 A D:\mtb-lohja_html\uusi\public_html\yabbfiles\Smilies\lolk.gif --> www.mtb-lohja.com /mtb-lohja_html/yabbfiles/Smilies lolk.gif
2006.01.24 18:49 A D:\mtb-lohja_html\uusi\public_html\yabbfiles\Smilies\rolleyes.gif --> www.mtb-lohja.com /mtb-lohja_html/yabbfiles/Smilies rolleyes.gif
2006.01.24 18:49 A D:\mtb-lohja_html\uusi\public_html\yabbfiles\Smilies\sad.gif --> www.mtb-lohja.com /mtb-lohja_html/yabbfiles/Smilies sad.gif
2006.01.24 18:49 A D:\mtb-lohja_html\uusi\public_html\yabbfiles\Smilies\shocked.gif --> www.mtb-lohja.com /mtb-lohja_html/yabbfiles/Smilies shocked.gif
2006.01.24 18:49 A D:\mtb-lohja_html\uusi\public_html\yabbfiles\Smilies\smiley.gif --> www.mtb-lohja.com /mtb-lohja_html/yabbfiles/Smilies smiley.gif
2006.01.24 18:49 A D:\mtb-lohja_html\uusi\public_html\yabbfiles\Smilies\smiley_down.gif --> www.mtb-lohja.com /mtb-lohja_html/yabbfiles/Smilies smiley_down.gif
2006.01.24 18:49 A D:\mtb-lohja_html\uusi\public_html\yabbfiles\Smilies\smiley_up.gif --> www.mtb-lohja.com /mtb-lohja_html/yabbfiles/Smilies smiley_up.gif
2006.01.24 18:49 A D:\mtb-lohja_html\uusi\public_html\yabbfiles\Smilies\tekst-toppie.gif --> www.mtb-lohja.com /mtb-lohja_html/yabbfiles/Smilies tekst-toppie.gif
2006.01.24 18:49 A D:\mtb-lohja_html\uusi\public_html\yabbfiles\Smilies\thumbdown.gif --> www.mtb-lohja.com /mtb-lohja_html/yabbfiles/Smilies thumbdown.gif
2006.01.24 18:49 A D:\mtb-lohja_html\uusi\public_html\yabbfiles\Smilies\thumbsup.gif --> www.mtb-lohja.com /mtb-lohja_html/yabbfiles/Smilies thumbsup.gif
2006.01.24 18:49 A D:\mtb-lohja_html\uusi\public_html\yabbfiles\Smilies\thumbup.gif --> www.mtb-lohja.com /mtb-lohja_html/yabbfiles/Smilies thumbup.gif
2006.01.24 18:49 A D:\mtb-lohja_html\uusi\public_html\yabbfiles\Smilies\tongue.gif --> www.mtb-lohja.com /mtb-lohja_html/yabbfiles/Smilies tongue.gif
2006.01.24 18:49 A D:\mtb-lohja_html\uusi\public_html\yabbfiles\Smilies\undecided.gif --> www.mtb-lohja.com /mtb-lohja_html/yabbfiles/Smilies undecided.gif
2006.01.24 18:49 A D:\mtb-lohja_html\uusi\public_html\yabbfiles\Smilies\vrolijk_1.gif --> www.mtb-lohja.com /mtb-lohja_html/yabbfiles/Smilies vrolijk_1.gif
2006.01.24 18:49 A D:\mtb-lohja_html\uusi\public_html\yabbfiles\Smilies\vrolijk_26.gif --> www.mtb-lohja.com /mtb-lohja_html/yabbfiles/Smilies vrolijk_26.gif
2006.01.24 18:49 A D:\mtb-lohja_html\uusi\public_html\yabbfiles\Smilies\wink.gif --> www.mtb-lohja.com /mtb-lohja_html/yabbfiles/Smilies wink.gif
2006.01.24 19:56 B D:\mtb-lohja_html\uusi\public_html\yabbfiles\Smilies\2vrolijk_08.gif --> www.mtb-lohja.com /mtb-lohja_html/yabbfiles/Smilies 2vrolijk_08.gif
2006.01.24 19:56 B D:\mtb-lohja_html\uusi\public_html\yabbfiles\Smilies\angry.gif --> www.mtb-lohja.com /mtb-lohja_html/yabbfiles/Smilies angry.gif
2006.01.24 19:56 B D:\mtb-lohja_html\uusi\public_html\yabbfiles\Smilies\bath.gif --> www.mtb-lohja.com /mtb-lohja_html/yabbfiles/Smilies bath.gif
2006.01.24 19:56 B D:\mtb-lohja_html\uusi\public_html\yabbfiles\Smilies\beer.gif --> www.mtb-lohja.com /mtb-lohja_html/yabbfiles/Smilies beer.gif
2006.01.24 19:56 B D:\mtb-lohja_html\uusi\public_html\yabbfiles\Smilies\birthdays.gif --> www.mtb-lohja.com /mtb-lohja_html/yabbfiles/Smilies birthdays.gif
2006.01.24 19:56 B D:\mtb-lohja_html\uusi\public_html\yabbfiles\Smilies\cheesy.gif --> www.mtb-lohja.com /mtb-lohja_html/yabbfiles/Smilies cheesy.gif
2006.01.24 19:56 B D:\mtb-lohja_html\uusi\public_html\yabbfiles\Smilies\cool.gif --> www.mtb-lohja.com /mtb-lohja_html/yabbfiles/Smilies cool.gif
2006.01.24 19:56 B D:\mtb-lohja_html\uusi\public_html\yabbfiles\Smilies\cry.gif --> www.mtb-lohja.com /mtb-lohja_html/yabbfiles/Smilies cry.gif
2006.01.24 19:56 B D:\mtb-lohja_html\uusi\public_html\yabbfiles\Smilies\dankk2.gif --> www.mtb-lohja.com /mtb-lohja_html/yabbfiles/Smilies dankk2.gif
2006.01.24 19:56 B D:\mtb-lohja_html\uusi\public_html\yabbfiles\Smilies\embarassed.gif --> www.mtb-lohja.com /mtb-lohja_html/yabbfiles/Smilies embarassed.gif
2006.01.24 19:56 B D:\mtb-lohja_html\uusi\public_html\yabbfiles\Smilies\engel017.gif --> www.mtb-lohja.com /mtb-lohja_html/yabbfiles/Smilies engel017.gif
2006.01.24 19:56 B D:\mtb-lohja_html\uusi\public_html\yabbfiles\Smilies\evil.gif --> www.mtb-lohja.com /mtb-lohja_html/yabbfiles/Smilies evil.gif
2006.01.24 19:56 B D:\mtb-lohja_html\uusi\public_html\yabbfiles\Smilies\grin.gif --> www.mtb-lohja.com /mtb-lohja_html/yabbfiles/Smilies grin.gif
2006.01.24 19:56 B D:\mtb-lohja_html\uusi\public_html\yabbfiles\Smilies\happy.gif --> www.mtb-lohja.com /mtb-lohja_html/yabbfiles/Smilies happy.gif
2006.01.24 19:56 B D:\mtb-lohja_html\uusi\public_html\yabbfiles\Smilies\huh.gif --> www.mtb-lohja.com /mtb-lohja_html/yabbfiles/Smilies huh.gif
2006.01.24 19:56 B D:\mtb-lohja_html\uusi\public_html\yabbfiles\Smilies\kiss.gif --> www.mtb-lohja.com /mtb-lohja_html/yabbfiles/Smilies kiss.gif
2006.01.24 19:56 B D:\mtb-lohja_html\uusi\public_html\yabbfiles\Smilies\laugh.gif --> www.mtb-lohja.com /mtb-lohja_html/yabbfiles/Smilies laugh.gif
2006.01.24 19:56 B D:\mtb-lohja_html\uusi\public_html\yabbfiles\Smilies\lipsrsealed.gif --> www.mtb-lohja.com /mtb-lohja_html/yabbfiles/Smilies lipsrsealed.gif
2006.01.24 19:56 B D:\mtb-lohja_html\uusi\public_html\yabbfiles\Smilies\lolk.gif --> www.mtb-lohja.com /mtb-lohja_html/yabbfiles/Smilies lolk.gif
2006.01.24 19:56 B D:\mtb-lohja_html\uusi\public_html\yabbfiles\Smilies\rolleyes.gif --> www.mtb-lohja.com /mtb-lohja_html/yabbfiles/Smilies rolleyes.gif
2006.01.24 19:56 B D:\mtb-lohja_html\uusi\public_html\yabbfiles\Smilies\sad.gif --> www.mtb-lohja.com /mtb-lohja_html/yabbfiles/Smilies sad.gif
2006.01.24 19:56 B D:\mtb-lohja_html\uusi\public_html\yabbfiles\Smilies\shocked.gif --> www.mtb-lohja.com /mtb-lohja_html/yabbfiles/Smilies shocked.gif
2006.01.24 19:56 B D:\mtb-lohja_html\uusi\public_html\yabbfiles\Smilies\smiley.gif --> www.mtb-lohja.com /mtb-lohja_html/yabbfiles/Smilies smiley.gif
2006.01.24 19:56 B D:\mtb-lohja_html\uusi\public_html\yabbfiles\Smilies\smiley_down.gif --> www.mtb-lohja.com /mtb-lohja_html/yabbfiles/Smilies smiley_down.gif
2006.01.24 19:56 B D:\mtb-lohja_html\uusi\public_html\yabbfiles\Smilies\smiley_up.gif --> www.mtb-lohja.com /mtb-lohja_html/yabbfiles/Smilies smiley_up.gif
2006.01.24 19:56 B D:\mtb-lohja_html\uusi\public_html\yabbfiles\Smilies\tekst-toppie.gif --> www.mtb-lohja.com /mtb-lohja_html/yabbfiles/Smilies tekst-toppie.gif
2006.01.24 19:56 B D:\mtb-lohja_html\uusi\public_html\yabbfiles\Smilies\thumbdown.gif --> www.mtb-lohja.com /mtb-lohja_html/yabbfiles/Smilies thumbdown.gif
2006.01.24 19:56 B D:\mtb-lohja_html\uusi\public_html\yabbfiles\Smilies\thumbsup.gif --> www.mtb-lohja.com /mtb-lohja_html/yabbfiles/Smilies thumbsup.gif
2006.01.24 19:56 B D:\mtb-lohja_html\uusi\public_html\yabbfiles\Smilies\thumbup.gif --> www.mtb-lohja.com /mtb-lohja_html/yabbfiles/Smilies thumbup.gif
2006.01.24 19:56 B D:\mtb-lohja_html\uusi\public_html\yabbfiles\Smilies\tongue.gif --> www.mtb-lohja.com /mtb-lohja_html/yabbfiles/Smilies tongue.gif
2006.01.24 19:56 B D:\mtb-lohja_html\uusi\public_html\yabbfiles\Smilies\undecided.gif --> www.mtb-lohja.com /mtb-lohja_html/yabbfiles/Smilies undecided.gif
2006.01.24 19:56 B D:\mtb-lohja_html\uusi\public_html\yabbfiles\Smilies\vrolijk_1.gif --> www.mtb-lohja.com /mtb-lohja_html/yabbfiles/Smilies vrolijk_1.gif
2006.01.24 19:56 B D:\mtb-lohja_html\uusi\public_html\yabbfiles\Smilies\vrolijk_26.gif --> www.mtb-lohja.com /mtb-lohja_html/yabbfiles/Smilies vrolijk_26.gif
2006.01.24 19:56 B D:\mtb-lohja_html\uusi\public_html\yabbfiles\Smilies\wink.gif --> www.mtb-lohja.com /mtb-lohja_html/yabbfiles/Smilies wink.gif
