2006.01.24 18:49 A D:\mtb-lohja_html\uusi\public_html\yabbfiles\Templates\Forum\default\aarea.jpg --> www.mtb-lohja.com /mtb-lohja_html/yabbfiles/Templates/Forum/default aarea.jpg
2006.01.24 18:49 A D:\mtb-lohja_html\uusi\public_html\yabbfiles\Templates\Forum\default\addfav.gif --> www.mtb-lohja.com /mtb-lohja_html/yabbfiles/Templates/Forum/default addfav.gif
2006.01.24 18:49 A D:\mtb-lohja_html\uusi\public_html\yabbfiles\Templates\Forum\default\admin.gif --> www.mtb-lohja.com /mtb-lohja_html/yabbfiles/Templates/Forum/default admin.gif
2006.01.24 18:49 A D:\mtb-lohja_html\uusi\public_html\yabbfiles\Templates\Forum\default\admin_move.gif --> www.mtb-lohja.com /mtb-lohja_html/yabbfiles/Templates/Forum/default admin_move.gif
2006.01.24 18:49 A D:\mtb-lohja_html\uusi\public_html\yabbfiles\Templates\Forum\default\admin_rem.gif --> www.mtb-lohja.com /mtb-lohja_html/yabbfiles/Templates/Forum/default admin_rem.gif
2006.01.24 18:49 A D:\mtb-lohja_html\uusi\public_html\yabbfiles\Templates\Forum\default\admin_splice.gif --> www.mtb-lohja.com /mtb-lohja_html/yabbfiles/Templates/Forum/default admin_splice.gif
2006.01.24 18:49 A D:\mtb-lohja_html\uusi\public_html\yabbfiles\Templates\Forum\default\admin_split.gif --> www.mtb-lohja.com /mtb-lohja_html/yabbfiles/Templates/Forum/default admin_split.gif
2006.01.24 18:49 A D:\mtb-lohja_html\uusi\public_html\yabbfiles\Templates\Forum\default\admin_split_splice.gif --> www.mtb-lohja.com /mtb-lohja_html/yabbfiles/Templates/Forum/default admin_split_splice.gif
2006.01.24 18:49 A D:\mtb-lohja_html\uusi\public_html\yabbfiles\Templates\Forum\default\administrator.gif --> www.mtb-lohja.com /mtb-lohja_html/yabbfiles/Templates/Forum/default administrator.gif
2006.01.24 18:49 A D:\mtb-lohja_html\uusi\public_html\yabbfiles\Templates\Forum\default\aim.gif --> www.mtb-lohja.com /mtb-lohja_html/yabbfiles/Templates/Forum/default aim.gif
2006.01.24 18:49 A D:\mtb-lohja_html\uusi\public_html\yabbfiles\Templates\Forum\default\angry.gif --> www.mtb-lohja.com /mtb-lohja_html/yabbfiles/Templates/Forum/default angry.gif
2006.01.24 18:49 A D:\mtb-lohja_html\uusi\public_html\yabbfiles\Templates\Forum\default\ann.gif --> www.mtb-lohja.com /mtb-lohja_html/yabbfiles/Templates/Forum/default ann.gif
2006.01.24 18:49 A D:\mtb-lohja_html\uusi\public_html\yabbfiles\Templates\Forum\default\announcement.gif --> www.mtb-lohja.com /mtb-lohja_html/yabbfiles/Templates/Forum/default announcement.gif
2006.01.24 18:49 A D:\mtb-lohja_html\uusi\public_html\yabbfiles\Templates\Forum\default\answered.gif --> www.mtb-lohja.com /mtb-lohja_html/yabbfiles/Templates/Forum/default answered.gif
2006.01.24 18:49 A D:\mtb-lohja_html\uusi\public_html\yabbfiles\Templates\Forum\default\arrow.gif --> www.mtb-lohja.com /mtb-lohja_html/yabbfiles/Templates/Forum/default arrow.gif
2006.01.24 18:49 A D:\mtb-lohja_html\uusi\public_html\yabbfiles\Templates\Forum\default\balloon2.gif --> www.mtb-lohja.com /mtb-lohja_html/yabbfiles/Templates/Forum/default balloon2.gif
2006.01.24 18:49 A D:\mtb-lohja_html\uusi\public_html\yabbfiles\Templates\Forum\default\ban.gif --> www.mtb-lohja.com /mtb-lohja_html/yabbfiles/Templates/Forum/default ban.gif
2006.01.24 18:49 A D:\mtb-lohja_html\uusi\public_html\yabbfiles\Templates\Forum\default\bar.gif --> www.mtb-lohja.com /mtb-lohja_html/yabbfiles/Templates/Forum/default bar.gif
2006.01.24 18:49 A D:\mtb-lohja_html\uusi\public_html\yabbfiles\Templates\Forum\default\bdaycake.gif --> www.mtb-lohja.com /mtb-lohja_html/yabbfiles/Templates/Forum/default bdaycake.gif
2006.01.24 18:49 A D:\mtb-lohja_html\uusi\public_html\yabbfiles\Templates\Forum\default\bgcolor.gif --> www.mtb-lohja.com /mtb-lohja_html/yabbfiles/Templates/Forum/default bgcolor.gif
2006.01.24 18:49 A D:\mtb-lohja_html\uusi\public_html\yabbfiles\Templates\Forum\default\blank.gif --> www.mtb-lohja.com /mtb-lohja_html/yabbfiles/Templates/Forum/default blank.gif
2006.01.24 18:49 A D:\mtb-lohja_html\uusi\public_html\yabbfiles\Templates\Forum\default\board.gif --> www.mtb-lohja.com /mtb-lohja_html/yabbfiles/Templates/Forum/default board.gif
2006.01.24 18:49 A D:\mtb-lohja_html\uusi\public_html\yabbfiles\Templates\Forum\default\bold.gif --> www.mtb-lohja.com /mtb-lohja_html/yabbfiles/Templates/Forum/default bold.gif
2006.01.24 18:49 A D:\mtb-lohja_html\uusi\public_html\yabbfiles\Templates\Forum\default\buddylist.gif --> www.mtb-lohja.com /mtb-lohja_html/yabbfiles/Templates/Forum/default buddylist.gif
2006.01.24 18:49 A D:\mtb-lohja_html\uusi\public_html\yabbfiles\Templates\Forum\default\cat.gif --> www.mtb-lohja.com /mtb-lohja_html/yabbfiles/Templates/Forum/default cat.gif
2006.01.24 18:49 A D:\mtb-lohja_html\uusi\public_html\yabbfiles\Templates\Forum\default\cat_collall.gif --> www.mtb-lohja.com /mtb-lohja_html/yabbfiles/Templates/Forum/default cat_collall.gif
2006.01.24 18:49 A D:\mtb-lohja_html\uusi\public_html\yabbfiles\Templates\Forum\default\cat_collapse.gif --> www.mtb-lohja.com /mtb-lohja_html/yabbfiles/Templates/Forum/default cat_collapse.gif
2006.01.24 18:49 A D:\mtb-lohja_html\uusi\public_html\yabbfiles\Templates\Forum\default\cat_expand.gif --> www.mtb-lohja.com /mtb-lohja_html/yabbfiles/Templates/Forum/default cat_expand.gif
2006.01.24 18:49 A D:\mtb-lohja_html\uusi\public_html\yabbfiles\Templates\Forum\default\catbg.png --> www.mtb-lohja.com /mtb-lohja_html/yabbfiles/Templates/Forum/default catbg.png
2006.01.24 18:49 A D:\mtb-lohja_html\uusi\public_html\yabbfiles\Templates\Forum\default\center.gif --> www.mtb-lohja.com /mtb-lohja_html/yabbfiles/Templates/Forum/default center.gif
2006.01.24 18:49 A D:\mtb-lohja_html\uusi\public_html\yabbfiles\Templates\Forum\default\cheesy.gif --> www.mtb-lohja.com /mtb-lohja_html/yabbfiles/Templates/Forum/default cheesy.gif
2006.01.24 18:49 A D:\mtb-lohja_html\uusi\public_html\yabbfiles\Templates\Forum\default\closed.gif --> www.mtb-lohja.com /mtb-lohja_html/yabbfiles/Templates/Forum/default closed.gif
2006.01.24 18:49 A D:\mtb-lohja_html\uusi\public_html\yabbfiles\Templates\Forum\default\code.gif --> www.mtb-lohja.com /mtb-lohja_html/yabbfiles/Templates/Forum/default code.gif
2006.01.24 18:49 A D:\mtb-lohja_html\uusi\public_html\yabbfiles\Templates\Forum\default\code1.gif --> www.mtb-lohja.com /mtb-lohja_html/yabbfiles/Templates/Forum/default code1.gif
2006.01.24 18:49 A D:\mtb-lohja_html\uusi\public_html\yabbfiles\Templates\Forum\default\cool.gif --> www.mtb-lohja.com /mtb-lohja_html/yabbfiles/Templates/Forum/default cool.gif
2006.01.24 18:49 A D:\mtb-lohja_html\uusi\public_html\yabbfiles\Templates\Forum\default\cry.gif --> www.mtb-lohja.com /mtb-lohja_html/yabbfiles/Templates/Forum/default cry.gif
2006.01.24 18:49 A D:\mtb-lohja_html\uusi\public_html\yabbfiles\Templates\Forum\default\css.gif --> www.mtb-lohja.com /mtb-lohja_html/yabbfiles/Templates/Forum/default css.gif
2006.01.24 18:49 A D:\mtb-lohja_html\uusi\public_html\yabbfiles\Templates\Forum\default\cssbold.gif --> www.mtb-lohja.com /mtb-lohja_html/yabbfiles/Templates/Forum/default cssbold.gif
2006.01.24 18:49 A D:\mtb-lohja_html\uusi\public_html\yabbfiles\Templates\Forum\default\cssitalic.gif --> www.mtb-lohja.com /mtb-lohja_html/yabbfiles/Templates/Forum/default cssitalic.gif
2006.01.24 18:49 A D:\mtb-lohja_html\uusi\public_html\yabbfiles\Templates\Forum\default\delete.gif --> www.mtb-lohja.com /mtb-lohja_html/yabbfiles/Templates/Forum/default delete.gif
2006.01.24 18:49 A D:\mtb-lohja_html\uusi\public_html\yabbfiles\Templates\Forum\default\des.gif --> www.mtb-lohja.com /mtb-lohja_html/yabbfiles/Templates/Forum/default des.gif
2006.01.24 18:49 A D:\mtb-lohja_html\uusi\public_html\yabbfiles\Templates\Forum\default\edit.gif --> www.mtb-lohja.com /mtb-lohja_html/yabbfiles/Templates/Forum/default edit.gif
2006.01.24 18:49 A D:\mtb-lohja_html\uusi\public_html\yabbfiles\Templates\Forum\default\email.gif --> www.mtb-lohja.com /mtb-lohja_html/yabbfiles/Templates/Forum/default email.gif
2006.01.24 18:49 A D:\mtb-lohja_html\uusi\public_html\yabbfiles\Templates\Forum\default\email2.gif --> www.mtb-lohja.com /mtb-lohja_html/yabbfiles/Templates/Forum/default email2.gif
2006.01.24 18:49 A D:\mtb-lohja_html\uusi\public_html\yabbfiles\Templates\Forum\default\embarassed.gif --> www.mtb-lohja.com /mtb-lohja_html/yabbfiles/Templates/Forum/default embarassed.gif
2006.01.24 18:49 A D:\mtb-lohja_html\uusi\public_html\yabbfiles\Templates\Forum\default\evil.gif --> www.mtb-lohja.com /mtb-lohja_html/yabbfiles/Templates/Forum/default evil.gif
2006.01.24 18:49 A D:\mtb-lohja_html\uusi\public_html\yabbfiles\Templates\Forum\default\exclamation.gif --> www.mtb-lohja.com /mtb-lohja_html/yabbfiles/Templates/Forum/default exclamation.gif
2006.01.24 18:49 A D:\mtb-lohja_html\uusi\public_html\yabbfiles\Templates\Forum\default\face.gif --> www.mtb-lohja.com /mtb-lohja_html/yabbfiles/Templates/Forum/default face.gif
2006.01.24 18:49 A D:\mtb-lohja_html\uusi\public_html\yabbfiles\Templates\Forum\default\face1.gif --> www.mtb-lohja.com /mtb-lohja_html/yabbfiles/Templates/Forum/default face1.gif
2006.01.24 18:49 A D:\mtb-lohja_html\uusi\public_html\yabbfiles\Templates\Forum\default\fade.gif --> www.mtb-lohja.com /mtb-lohja_html/yabbfiles/Templates/Forum/default fade.gif
2006.01.24 18:49 A D:\mtb-lohja_html\uusi\public_html\yabbfiles\Templates\Forum\default\favorites.gif --> www.mtb-lohja.com /mtb-lohja_html/yabbfiles/Templates/Forum/default favorites.gif
2006.01.24 18:49 A D:\mtb-lohja_html\uusi\public_html\yabbfiles\Templates\Forum\default\female.gif --> www.mtb-lohja.com /mtb-lohja_html/yabbfiles/Templates/Forum/default female.gif
2006.01.24 18:49 A D:\mtb-lohja_html\uusi\public_html\yabbfiles\Templates\Forum\default\fill.gif --> www.mtb-lohja.com /mtb-lohja_html/yabbfiles/Templates/Forum/default fill.gif
2006.01.24 18:49 A D:\mtb-lohja_html\uusi\public_html\yabbfiles\Templates\Forum\default\flash.gif --> www.mtb-lohja.com /mtb-lohja_html/yabbfiles/Templates/Forum/default flash.gif
2006.01.24 18:49 A D:\mtb-lohja_html\uusi\public_html\yabbfiles\Templates\Forum\default\ftp.gif --> www.mtb-lohja.com /mtb-lohja_html/yabbfiles/Templates/Forum/default ftp.gif
2006.01.24 18:49 A D:\mtb-lohja_html\uusi\public_html\yabbfiles\Templates\Forum\default\gender.gif --> www.mtb-lohja.com /mtb-lohja_html/yabbfiles/Templates/Forum/default gender.gif
2006.01.24 18:49 A D:\mtb-lohja_html\uusi\public_html\yabbfiles\Templates\Forum\default\glow.gif --> www.mtb-lohja.com /mtb-lohja_html/yabbfiles/Templates/Forum/default glow.gif
2006.01.24 18:49 A D:\mtb-lohja_html\uusi\public_html\yabbfiles\Templates\Forum\default\green0.gif --> www.mtb-lohja.com /mtb-lohja_html/yabbfiles/Templates/Forum/default green0.gif
2006.01.24 18:49 A D:\mtb-lohja_html\uusi\public_html\yabbfiles\Templates\Forum\default\green1.gif --> www.mtb-lohja.com /mtb-lohja_html/yabbfiles/Templates/Forum/default green1.gif
2006.01.24 18:49 A D:\mtb-lohja_html\uusi\public_html\yabbfiles\Templates\Forum\default\greenon.gif --> www.mtb-lohja.com /mtb-lohja_html/yabbfiles/Templates/Forum/default greenon.gif
2006.01.24 18:49 A D:\mtb-lohja_html\uusi\public_html\yabbfiles\Templates\Forum\default\grey1.gif --> www.mtb-lohja.com /mtb-lohja_html/yabbfiles/Templates/Forum/default grey1.gif
2006.01.24 18:49 A D:\mtb-lohja_html\uusi\public_html\yabbfiles\Templates\Forum\default\grin.gif --> www.mtb-lohja.com /mtb-lohja_html/yabbfiles/Templates/Forum/default grin.gif
2006.01.24 18:49 A D:\mtb-lohja_html\uusi\public_html\yabbfiles\Templates\Forum\default\gtalk2.gif --> www.mtb-lohja.com /mtb-lohja_html/yabbfiles/Templates/Forum/default gtalk2.gif
2006.01.24 18:49 A D:\mtb-lohja_html\uusi\public_html\yabbfiles\Templates\Forum\default\guardian.gif --> www.mtb-lohja.com /mtb-lohja_html/yabbfiles/Templates/Forum/default guardian.gif
2006.01.24 18:49 A D:\mtb-lohja_html\uusi\public_html\yabbfiles\Templates\Forum\default\guardian_icon.gif --> www.mtb-lohja.com /mtb-lohja_html/yabbfiles/Templates/Forum/default guardian_icon.gif
2006.01.24 18:49 A D:\mtb-lohja_html\uusi\public_html\yabbfiles\Templates\Forum\default\guest.gif --> www.mtb-lohja.com /mtb-lohja_html/yabbfiles/Templates/Forum/default guest.gif
2006.01.24 18:49 A D:\mtb-lohja_html\uusi\public_html\yabbfiles\Templates\Forum\default\happy.gif --> www.mtb-lohja.com /mtb-lohja_html/yabbfiles/Templates/Forum/default happy.gif
2006.01.24 18:49 A D:\mtb-lohja_html\uusi\public_html\yabbfiles\Templates\Forum\default\headerbg.png --> www.mtb-lohja.com /mtb-lohja_html/yabbfiles/Templates/Forum/default headerbg.png
2006.01.24 18:49 A D:\mtb-lohja_html\uusi\public_html\yabbfiles\Templates\Forum\default\help.gif --> www.mtb-lohja.com /mtb-lohja_html/yabbfiles/Templates/Forum/default help.gif
2006.01.24 18:49 A D:\mtb-lohja_html\uusi\public_html\yabbfiles\Templates\Forum\default\help1.gif --> www.mtb-lohja.com /mtb-lohja_html/yabbfiles/Templates/Forum/default help1.gif
2006.01.24 18:49 A D:\mtb-lohja_html\uusi\public_html\yabbfiles\Templates\Forum\default\hide.gif --> www.mtb-lohja.com /mtb-lohja_html/yabbfiles/Templates/Forum/default hide.gif
2006.01.24 18:49 A D:\mtb-lohja_html\uusi\public_html\yabbfiles\Templates\Forum\default\hidelock.gif --> www.mtb-lohja.com /mtb-lohja_html/yabbfiles/Templates/Forum/default hidelock.gif
2006.01.24 18:49 A D:\mtb-lohja_html\uusi\public_html\yabbfiles\Templates\Forum\default\hidesticky.gif --> www.mtb-lohja.com /mtb-lohja_html/yabbfiles/Templates/Forum/default hidesticky.gif
2006.01.24 18:49 A D:\mtb-lohja_html\uusi\public_html\yabbfiles\Templates\Forum\default\hidestickylock.gif --> www.mtb-lohja.com /mtb-lohja_html/yabbfiles/Templates/Forum/default hidestickylock.gif
2006.01.24 18:49 A D:\mtb-lohja_html\uusi\public_html\yabbfiles\Templates\Forum\default\highlight.gif --> www.mtb-lohja.com /mtb-lohja_html/yabbfiles/Templates/Forum/default highlight.gif
2006.01.24 18:49 A D:\mtb-lohja_html\uusi\public_html\yabbfiles\Templates\Forum\default\home.gif --> www.mtb-lohja.com /mtb-lohja_html/yabbfiles/Templates/Forum/default home.gif
2006.01.24 18:49 A D:\mtb-lohja_html\uusi\public_html\yabbfiles\Templates\Forum\default\hotthread.gif --> www.mtb-lohja.com /mtb-lohja_html/yabbfiles/Templates/Forum/default hotthread.gif
2006.01.24 18:49 A D:\mtb-lohja_html\uusi\public_html\yabbfiles\Templates\Forum\default\hr.gif --> www.mtb-lohja.com /mtb-lohja_html/yabbfiles/Templates/Forum/default hr.gif
2006.01.24 18:49 A D:\mtb-lohja_html\uusi\public_html\yabbfiles\Templates\Forum\default\huh.gif --> www.mtb-lohja.com /mtb-lohja_html/yabbfiles/Templates/Forum/default huh.gif
2006.01.24 18:49 A D:\mtb-lohja_html\uusi\public_html\yabbfiles\Templates\Forum\default\icqadd.gif --> www.mtb-lohja.com /mtb-lohja_html/yabbfiles/Templates/Forum/default icqadd.gif
2006.01.24 18:49 A D:\mtb-lohja_html\uusi\public_html\yabbfiles\Templates\Forum\default\icqflow.gif --> www.mtb-lohja.com /mtb-lohja_html/yabbfiles/Templates/Forum/default icqflow.gif
2006.01.24 18:49 A D:\mtb-lohja_html\uusi\public_html\yabbfiles\Templates\Forum\default\im_config.gif --> www.mtb-lohja.com /mtb-lohja_html/yabbfiles/Templates/Forum/default im_config.gif
2006.01.24 18:49 A D:\mtb-lohja_html\uusi\public_html\yabbfiles\Templates\Forum\default\im_delete.gif --> www.mtb-lohja.com /mtb-lohja_html/yabbfiles/Templates/Forum/default im_delete.gif
2006.01.24 18:49 A D:\mtb-lohja_html\uusi\public_html\yabbfiles\Templates\Forum\default\im_inbox.gif --> www.mtb-lohja.com /mtb-lohja_html/yabbfiles/Templates/Forum/default im_inbox.gif
2006.01.24 18:49 A D:\mtb-lohja_html\uusi\public_html\yabbfiles\Templates\Forum\default\im_new.gif --> www.mtb-lohja.com /mtb-lohja_html/yabbfiles/Templates/Forum/default im_new.gif
2006.01.24 18:49 A D:\mtb-lohja_html\uusi\public_html\yabbfiles\Templates\Forum\default\im_outbox.gif --> www.mtb-lohja.com /mtb-lohja_html/yabbfiles/Templates/Forum/default im_outbox.gif
2006.01.24 18:49 A D:\mtb-lohja_html\uusi\public_html\yabbfiles\Templates\Forum\default\im_reload.gif --> www.mtb-lohja.com /mtb-lohja_html/yabbfiles/Templates/Forum/default im_reload.gif
2006.01.24 18:49 A D:\mtb-lohja_html\uusi\public_html\yabbfiles\Templates\Forum\default\imclose.gif --> www.mtb-lohja.com /mtb-lohja_html/yabbfiles/Templates/Forum/default imclose.gif
2006.01.24 18:49 A D:\mtb-lohja_html\uusi\public_html\yabbfiles\Templates\Forum\default\img.gif --> www.mtb-lohja.com /mtb-lohja_html/yabbfiles/Templates/Forum/default img.gif
2006.01.24 18:49 A D:\mtb-lohja_html\uusi\public_html\yabbfiles\Templates\Forum\default\imopen.gif --> www.mtb-lohja.com /mtb-lohja_html/yabbfiles/Templates/Forum/default imopen.gif
2006.01.24 18:49 A D:\mtb-lohja_html\uusi\public_html\yabbfiles\Templates\Forum\default\imstore.gif --> www.mtb-lohja.com /mtb-lohja_html/yabbfiles/Templates/Forum/default imstore.gif
2006.01.24 18:49 A D:\mtb-lohja_html\uusi\public_html\yabbfiles\Templates\Forum\default\index_drop.gif --> www.mtb-lohja.com /mtb-lohja_html/yabbfiles/Templates/Forum/default index_drop.gif
2006.01.24 18:49 A D:\mtb-lohja_html\uusi\public_html\yabbfiles\Templates\Forum\default\index_left.gif --> www.mtb-lohja.com /mtb-lohja_html/yabbfiles/Templates/Forum/default index_left.gif
2006.01.24 18:49 A D:\mtb-lohja_html\uusi\public_html\yabbfiles\Templates\Forum\default\index_left0.gif --> www.mtb-lohja.com /mtb-lohja_html/yabbfiles/Templates/Forum/default index_left0.gif
2006.01.24 18:49 A D:\mtb-lohja_html\uusi\public_html\yabbfiles\Templates\Forum\default\index_right.gif --> www.mtb-lohja.com /mtb-lohja_html/yabbfiles/Templates/Forum/default index_right.gif
2006.01.24 18:49 A D:\mtb-lohja_html\uusi\public_html\yabbfiles\Templates\Forum\default\index_right0.gif --> www.mtb-lohja.com /mtb-lohja_html/yabbfiles/Templates/Forum/default index_right0.gif
2006.01.24 18:49 A D:\mtb-lohja_html\uusi\public_html\yabbfiles\Templates\Forum\default\index_text.gif --> www.mtb-lohja.com /mtb-lohja_html/yabbfiles/Templates/Forum/default index_text.gif
2006.01.24 18:49 A D:\mtb-lohja_html\uusi\public_html\yabbfiles\Templates\Forum\default\index_togl.gif --> www.mtb-lohja.com /mtb-lohja_html/yabbfiles/Templates/Forum/default index_togl.gif
2006.01.24 18:49 A D:\mtb-lohja_html\uusi\public_html\yabbfiles\Templates\Forum\default\info.gif --> www.mtb-lohja.com /mtb-lohja_html/yabbfiles/Templates/Forum/default info.gif
2006.01.24 18:49 A D:\mtb-lohja_html\uusi\public_html\yabbfiles\Templates\Forum\default\ip.gif --> www.mtb-lohja.com /mtb-lohja_html/yabbfiles/Templates/Forum/default ip.gif
2006.01.24 18:49 A D:\mtb-lohja_html\uusi\public_html\yabbfiles\Templates\Forum\default\italicize.gif --> www.mtb-lohja.com /mtb-lohja_html/yabbfiles/Templates/Forum/default italicize.gif
2006.01.24 18:49 A D:\mtb-lohja_html\uusi\public_html\yabbfiles\Templates\Forum\default\kiss.gif --> www.mtb-lohja.com /mtb-lohja_html/yabbfiles/Templates/Forum/default kiss.gif
2006.01.24 18:49 A D:\mtb-lohja_html\uusi\public_html\yabbfiles\Templates\Forum\default\lamp.gif --> www.mtb-lohja.com /mtb-lohja_html/yabbfiles/Templates/Forum/default lamp.gif
2006.01.24 18:49 A D:\mtb-lohja_html\uusi\public_html\yabbfiles\Templates\Forum\default\lastpost.gif --> www.mtb-lohja.com /mtb-lohja_html/yabbfiles/Templates/Forum/default lastpost.gif
2006.01.24 18:49 A D:\mtb-lohja_html\uusi\public_html\yabbfiles\Templates\Forum\default\laugh.gif --> www.mtb-lohja.com /mtb-lohja_html/yabbfiles/Templates/Forum/default laugh.gif
2006.01.24 18:49 A D:\mtb-lohja_html\uusi\public_html\yabbfiles\Templates\Forum\default\left.gif --> www.mtb-lohja.com /mtb-lohja_html/yabbfiles/Templates/Forum/default left.gif
2006.01.24 18:49 A D:\mtb-lohja_html\uusi\public_html\yabbfiles\Templates\Forum\default\lipsrsealed.gif --> www.mtb-lohja.com /mtb-lohja_html/yabbfiles/Templates/Forum/default lipsrsealed.gif
2006.01.24 18:49 A D:\mtb-lohja_html\uusi\public_html\yabbfiles\Templates\Forum\default\list.gif --> www.mtb-lohja.com /mtb-lohja_html/yabbfiles/Templates/Forum/default list.gif
2006.01.24 18:49 A D:\mtb-lohja_html\uusi\public_html\yabbfiles\Templates\Forum\default\locked.gif --> www.mtb-lohja.com /mtb-lohja_html/yabbfiles/Templates/Forum/default locked.gif
2006.01.24 18:49 A D:\mtb-lohja_html\uusi\public_html\yabbfiles\Templates\Forum\default\lockmail.gif --> www.mtb-lohja.com /mtb-lohja_html/yabbfiles/Templates/Forum/default lockmail.gif
2006.01.24 18:49 A D:\mtb-lohja_html\uusi\public_html\yabbfiles\Templates\Forum\default\login.gif --> www.mtb-lohja.com /mtb-lohja_html/yabbfiles/Templates/Forum/default login.gif
2006.01.24 18:49 A D:\mtb-lohja_html\uusi\public_html\yabbfiles\Templates\Forum\default\logout.gif --> www.mtb-lohja.com /mtb-lohja_html/yabbfiles/Templates/Forum/default logout.gif
2006.01.24 18:49 A D:\mtb-lohja_html\uusi\public_html\yabbfiles\Templates\Forum\default\male.gif --> www.mtb-lohja.com /mtb-lohja_html/yabbfiles/Templates/Forum/default male.gif
2006.01.24 18:49 A D:\mtb-lohja_html\uusi\public_html\yabbfiles\Templates\Forum\default\markread.gif --> www.mtb-lohja.com /mtb-lohja_html/yabbfiles/Templates/Forum/default markread.gif
2006.01.24 18:49 A D:\mtb-lohja_html\uusi\public_html\yabbfiles\Templates\Forum\default\markunread.gif --> www.mtb-lohja.com /mtb-lohja_html/yabbfiles/Templates/Forum/default markunread.gif
2006.01.24 18:49 A D:\mtb-lohja_html\uusi\public_html\yabbfiles\Templates\Forum\default\me.gif --> www.mtb-lohja.com /mtb-lohja_html/yabbfiles/Templates/Forum/default me.gif
2006.01.24 18:49 A D:\mtb-lohja_html\uusi\public_html\yabbfiles\Templates\Forum\default\message.gif --> www.mtb-lohja.com /mtb-lohja_html/yabbfiles/Templates/Forum/default message.gif
2006.01.24 18:49 A D:\mtb-lohja_html\uusi\public_html\yabbfiles\Templates\Forum\default\modify.gif --> www.mtb-lohja.com /mtb-lohja_html/yabbfiles/Templates/Forum/default modify.gif
2006.01.24 18:49 A D:\mtb-lohja_html\uusi\public_html\yabbfiles\Templates\Forum\default\move.gif --> www.mtb-lohja.com /mtb-lohja_html/yabbfiles/Templates/Forum/default move.gif
2006.01.24 18:49 A D:\mtb-lohja_html\uusi\public_html\yabbfiles\Templates\Forum\default\msn.gif --> www.mtb-lohja.com /mtb-lohja_html/yabbfiles/Templates/Forum/default msn.gif
2006.01.24 18:49 A D:\mtb-lohja_html\uusi\public_html\yabbfiles\Templates\Forum\default\msn0.gif --> www.mtb-lohja.com /mtb-lohja_html/yabbfiles/Templates/Forum/default msn0.gif
2006.01.24 18:49 A D:\mtb-lohja_html\uusi\public_html\yabbfiles\Templates\Forum\default\msn1.gif --> www.mtb-lohja.com /mtb-lohja_html/yabbfiles/Templates/Forum/default msn1.gif
2006.01.24 18:49 A D:\mtb-lohja_html\uusi\public_html\yabbfiles\Templates\Forum\default\msn10.gif --> www.mtb-lohja.com /mtb-lohja_html/yabbfiles/Templates/Forum/default msn10.gif
2006.01.24 18:49 A D:\mtb-lohja_html\uusi\public_html\yabbfiles\Templates\Forum\default\msn14.gif --> www.mtb-lohja.com /mtb-lohja_html/yabbfiles/Templates/Forum/default msn14.gif
2006.01.24 18:49 A D:\mtb-lohja_html\uusi\public_html\yabbfiles\Templates\Forum\default\msn18.gif --> www.mtb-lohja.com /mtb-lohja_html/yabbfiles/Templates/Forum/default msn18.gif
2006.01.24 18:49 A D:\mtb-lohja_html\uusi\public_html\yabbfiles\Templates\Forum\default\msn2.gif --> www.mtb-lohja.com /mtb-lohja_html/yabbfiles/Templates/Forum/default msn2.gif
2006.01.24 18:49 A D:\mtb-lohja_html\uusi\public_html\yabbfiles\Templates\Forum\default\msn3.gif --> www.mtb-lohja.com /mtb-lohja_html/yabbfiles/Templates/Forum/default msn3.gif
2006.01.24 18:49 A D:\mtb-lohja_html\uusi\public_html\yabbfiles\Templates\Forum\default\msn34.gif --> www.mtb-lohja.com /mtb-lohja_html/yabbfiles/Templates/Forum/default msn34.gif
2006.01.24 18:49 A D:\mtb-lohja_html\uusi\public_html\yabbfiles\Templates\Forum\default\msn50.gif --> www.mtb-lohja.com /mtb-lohja_html/yabbfiles/Templates/Forum/default msn50.gif
2006.01.24 18:49 A D:\mtb-lohja_html\uusi\public_html\yabbfiles\Templates\Forum\default\msn66.gif --> www.mtb-lohja.com /mtb-lohja_html/yabbfiles/Templates/Forum/default msn66.gif
2006.01.24 18:49 A D:\mtb-lohja_html\uusi\public_html\yabbfiles\Templates\Forum\default\new.gif --> www.mtb-lohja.com /mtb-lohja_html/yabbfiles/Templates/Forum/default new.gif
2006.01.24 18:49 A D:\mtb-lohja_html\uusi\public_html\yabbfiles\Templates\Forum\default\new_thread.gif --> www.mtb-lohja.com /mtb-lohja_html/yabbfiles/Templates/Forum/default new_thread.gif
2006.01.24 18:49 A D:\mtb-lohja_html\uusi\public_html\yabbfiles\Templates\Forum\default\news.gif --> www.mtb-lohja.com /mtb-lohja_html/yabbfiles/Templates/Forum/default news.gif
2006.01.24 18:49 A D:\mtb-lohja_html\uusi\public_html\yabbfiles\Templates\Forum\default\next.gif --> www.mtb-lohja.com /mtb-lohja_html/yabbfiles/Templates/Forum/default next.gif
2006.01.24 18:49 A D:\mtb-lohja_html\uusi\public_html\yabbfiles\Templates\Forum\default\nn.gif --> www.mtb-lohja.com /mtb-lohja_html/yabbfiles/Templates/Forum/default nn.gif
2006.01.24 18:49 A D:\mtb-lohja_html\uusi\public_html\yabbfiles\Templates\Forum\default\none.gif --> www.mtb-lohja.com /mtb-lohja_html/yabbfiles/Templates/Forum/default none.gif
2006.01.24 18:49 A D:\mtb-lohja_html\uusi\public_html\yabbfiles\Templates\Forum\default\notify.gif --> www.mtb-lohja.com /mtb-lohja_html/yabbfiles/Templates/Forum/default notify.gif
2006.01.24 18:49 A D:\mtb-lohja_html\uusi\public_html\yabbfiles\Templates\Forum\default\off.gif --> www.mtb-lohja.com /mtb-lohja_html/yabbfiles/Templates/Forum/default off.gif
2006.01.24 18:49 A D:\mtb-lohja_html\uusi\public_html\yabbfiles\Templates\Forum\default\off_led.png --> www.mtb-lohja.com /mtb-lohja_html/yabbfiles/Templates/Forum/default off_led.png
2006.01.24 18:49 A D:\mtb-lohja_html\uusi\public_html\yabbfiles\Templates\Forum\default\on.gif --> www.mtb-lohja.com /mtb-lohja_html/yabbfiles/Templates/Forum/default on.gif
2006.01.24 18:49 A D:\mtb-lohja_html\uusi\public_html\yabbfiles\Templates\Forum\default\on_led.png --> www.mtb-lohja.com /mtb-lohja_html/yabbfiles/Templates/Forum/default on_led.png
2006.01.24 18:49 A D:\mtb-lohja_html\uusi\public_html\yabbfiles\Templates\Forum\default\online.gif --> www.mtb-lohja.com /mtb-lohja_html/yabbfiles/Templates/Forum/default online.gif
2006.01.24 18:49 A D:\mtb-lohja_html\uusi\public_html\yabbfiles\Templates\Forum\default\open.gif --> www.mtb-lohja.com /mtb-lohja_html/yabbfiles/Templates/Forum/default open.gif
2006.01.24 18:49 A D:\mtb-lohja_html\uusi\public_html\yabbfiles\Templates\Forum\default\palette.gif --> www.mtb-lohja.com /mtb-lohja_html/yabbfiles/Templates/Forum/default palette.gif
2006.01.24 18:49 A D:\mtb-lohja_html\uusi\public_html\yabbfiles\Templates\Forum\default\paperclip.gif --> www.mtb-lohja.com /mtb-lohja_html/yabbfiles/Templates/Forum/default paperclip.gif
2006.01.24 18:49 A D:\mtb-lohja_html\uusi\public_html\yabbfiles\Templates\Forum\default\perl.gif --> www.mtb-lohja.com /mtb-lohja_html/yabbfiles/Templates/Forum/default perl.gif
2006.01.24 18:49 A D:\mtb-lohja_html\uusi\public_html\yabbfiles\Templates\Forum\default\poll_animated.gif --> www.mtb-lohja.com /mtb-lohja_html/yabbfiles/Templates/Forum/default poll_animated.gif
2006.01.24 18:49 A D:\mtb-lohja_html\uusi\public_html\yabbfiles\Templates\Forum\default\poll_animated2.gif --> www.mtb-lohja.com /mtb-lohja_html/yabbfiles/Templates/Forum/default poll_animated2.gif
2006.01.24 18:49 A D:\mtb-lohja_html\uusi\public_html\yabbfiles\Templates\Forum\default\poll_create.gif --> www.mtb-lohja.com /mtb-lohja_html/yabbfiles/Templates/Forum/default poll_create.gif
2006.01.24 18:49 A D:\mtb-lohja_html\uusi\public_html\yabbfiles\Templates\Forum\default\poll_create2.gif --> www.mtb-lohja.com /mtb-lohja_html/yabbfiles/Templates/Forum/default poll_create2.gif
2006.01.24 18:49 A D:\mtb-lohja_html\uusi\public_html\yabbfiles\Templates\Forum\default\poll_del.gif --> www.mtb-lohja.com /mtb-lohja_html/yabbfiles/Templates/Forum/default poll_del.gif
2006.01.24 18:49 A D:\mtb-lohja_html\uusi\public_html\yabbfiles\Templates\Forum\default\poll_del2.gif --> www.mtb-lohja.com /mtb-lohja_html/yabbfiles/Templates/Forum/default poll_del2.gif
2006.01.24 18:49 A D:\mtb-lohja_html\uusi\public_html\yabbfiles\Templates\Forum\default\poll_dvote.gif --> www.mtb-lohja.com /mtb-lohja_html/yabbfiles/Templates/Forum/default poll_dvote.gif
2006.01.24 18:49 A D:\mtb-lohja_html\uusi\public_html\yabbfiles\Templates\Forum\default\poll_left.gif --> www.mtb-lohja.com /mtb-lohja_html/yabbfiles/Templates/Forum/default poll_left.gif
2006.01.24 18:49 A D:\mtb-lohja_html\uusi\public_html\yabbfiles\Templates\Forum\default\poll_lock.gif --> www.mtb-lohja.com /mtb-lohja_html/yabbfiles/Templates/Forum/default poll_lock.gif
2006.01.24 18:49 A D:\mtb-lohja_html\uusi\public_html\yabbfiles\Templates\Forum\default\poll_lock2.gif --> www.mtb-lohja.com /mtb-lohja_html/yabbfiles/Templates/Forum/default poll_lock2.gif
2006.01.24 18:49 A D:\mtb-lohja_html\uusi\public_html\yabbfiles\Templates\Forum\default\poll_middle.gif --> www.mtb-lohja.com /mtb-lohja_html/yabbfiles/Templates/Forum/default poll_middle.gif
2006.01.24 18:49 A D:\mtb-lohja_html\uusi\public_html\yabbfiles\Templates\Forum\default\poll_mod.gif --> www.mtb-lohja.com /mtb-lohja_html/yabbfiles/Templates/Forum/default poll_mod.gif
2006.01.24 18:49 A D:\mtb-lohja_html\uusi\public_html\yabbfiles\Templates\Forum\default\poll_new.gif --> www.mtb-lohja.com /mtb-lohja_html/yabbfiles/Templates/Forum/default poll_new.gif
2006.01.24 18:49 A D:\mtb-lohja_html\uusi\public_html\yabbfiles\Templates\Forum\default\poll_new2.gif --> www.mtb-lohja.com /mtb-lohja_html/yabbfiles/Templates/Forum/default poll_new2.gif
2006.01.24 18:49 A D:\mtb-lohja_html\uusi\public_html\yabbfiles\Templates\Forum\default\poll_new3.gif --> www.mtb-lohja.com /mtb-lohja_html/yabbfiles/Templates/Forum/default poll_new3.gif
2006.01.24 18:49 A D:\mtb-lohja_html\uusi\public_html\yabbfiles\Templates\Forum\default\poll_open.gif --> www.mtb-lohja.com /mtb-lohja_html/yabbfiles/Templates/Forum/default poll_open.gif
2006.01.24 18:49 A D:\mtb-lohja_html\uusi\public_html\yabbfiles\Templates\Forum\default\poll_right.gif --> www.mtb-lohja.com /mtb-lohja_html/yabbfiles/Templates/Forum/default poll_right.gif
2006.01.24 18:49 A D:\mtb-lohja_html\uusi\public_html\yabbfiles\Templates\Forum\default\poll_vvote.gif --> www.mtb-lohja.com /mtb-lohja_html/yabbfiles/Templates/Forum/default poll_vvote.gif
2006.01.24 18:49 A D:\mtb-lohja_html\uusi\public_html\yabbfiles\Templates\Forum\default\pre.gif --> www.mtb-lohja.com /mtb-lohja_html/yabbfiles/Templates/Forum/default pre.gif
2006.01.24 18:49 A D:\mtb-lohja_html\uusi\public_html\yabbfiles\Templates\Forum\default\preferences.gif --> www.mtb-lohja.com /mtb-lohja_html/yabbfiles/Templates/Forum/default preferences.gif
2006.01.24 18:49 A D:\mtb-lohja_html\uusi\public_html\yabbfiles\Templates\Forum\default\prev.gif --> www.mtb-lohja.com /mtb-lohja_html/yabbfiles/Templates/Forum/default prev.gif
2006.01.24 18:49 A D:\mtb-lohja_html\uusi\public_html\yabbfiles\Templates\Forum\default\preview.gif --> www.mtb-lohja.com /mtb-lohja_html/yabbfiles/Templates/Forum/default preview.gif
2006.01.24 18:49 A D:\mtb-lohja_html\uusi\public_html\yabbfiles\Templates\Forum\default\preview0.gif --> www.mtb-lohja.com /mtb-lohja_html/yabbfiles/Templates/Forum/default preview0.gif
2006.01.24 18:49 A D:\mtb-lohja_html\uusi\public_html\yabbfiles\Templates\Forum\default\preview1.gif --> www.mtb-lohja.com /mtb-lohja_html/yabbfiles/Templates/Forum/default preview1.gif
2006.01.24 18:49 A D:\mtb-lohja_html\uusi\public_html\yabbfiles\Templates\Forum\default\print.gif --> www.mtb-lohja.com /mtb-lohja_html/yabbfiles/Templates/Forum/default print.gif
2006.01.24 18:49 A D:\mtb-lohja_html\uusi\public_html\yabbfiles\Templates\Forum\default\profile.gif --> www.mtb-lohja.com /mtb-lohja_html/yabbfiles/Templates/Forum/default profile.gif
2006.01.24 18:49 A D:\mtb-lohja_html\uusi\public_html\yabbfiles\Templates\Forum\default\question.gif --> www.mtb-lohja.com /mtb-lohja_html/yabbfiles/Templates/Forum/default question.gif
2006.01.24 18:49 A D:\mtb-lohja_html\uusi\public_html\yabbfiles\Templates\Forum\default\quote.gif --> www.mtb-lohja.com /mtb-lohja_html/yabbfiles/Templates/Forum/default quote.gif
2006.01.24 18:49 A D:\mtb-lohja_html\uusi\public_html\yabbfiles\Templates\Forum\default\quote2.gif --> www.mtb-lohja.com /mtb-lohja_html/yabbfiles/Templates/Forum/default quote2.gif
2006.01.24 18:49 A D:\mtb-lohja_html\uusi\public_html\yabbfiles\Templates\Forum\default\recycle.gif --> www.mtb-lohja.com /mtb-lohja_html/yabbfiles/Templates/Forum/default recycle.gif
2006.01.24 18:49 A D:\mtb-lohja_html\uusi\public_html\yabbfiles\Templates\Forum\default\red0.gif --> www.mtb-lohja.com /mtb-lohja_html/yabbfiles/Templates/Forum/default red0.gif
2006.01.24 18:49 A D:\mtb-lohja_html\uusi\public_html\yabbfiles\Templates\Forum\default\red1.gif --> www.mtb-lohja.com /mtb-lohja_html/yabbfiles/Templates/Forum/default red1.gif
2006.01.24 18:49 A D:\mtb-lohja_html\uusi\public_html\yabbfiles\Templates\Forum\default\red_folder.gif --> www.mtb-lohja.com /mtb-lohja_html/yabbfiles/Templates/Forum/default red_folder.gif
2006.01.24 18:49 A D:\mtb-lohja_html\uusi\public_html\yabbfiles\Templates\Forum\default\redoff.gif --> www.mtb-lohja.com /mtb-lohja_html/yabbfiles/Templates/Forum/default redoff.gif
2006.01.24 18:49 A D:\mtb-lohja_html\uusi\public_html\yabbfiles\Templates\Forum\default\register.gif --> www.mtb-lohja.com /mtb-lohja_html/yabbfiles/Templates/Forum/default register.gif
2006.01.24 18:49 A D:\mtb-lohja_html\uusi\public_html\yabbfiles\Templates\Forum\default\remfav.gif --> www.mtb-lohja.com /mtb-lohja_html/yabbfiles/Templates/Forum/default remfav.gif
2006.01.24 18:49 A D:\mtb-lohja_html\uusi\public_html\yabbfiles\Templates\Forum\default\remove.gif --> www.mtb-lohja.com /mtb-lohja_html/yabbfiles/Templates/Forum/default remove.gif
2006.01.24 18:49 A D:\mtb-lohja_html\uusi\public_html\yabbfiles\Templates\Forum\default\reorder.gif --> www.mtb-lohja.com /mtb-lohja_html/yabbfiles/Templates/Forum/default reorder.gif
2006.01.24 18:49 A D:\mtb-lohja_html\uusi\public_html\yabbfiles\Templates\Forum\default\reply.gif --> www.mtb-lohja.com /mtb-lohja_html/yabbfiles/Templates/Forum/default reply.gif
2006.01.24 18:49 A D:\mtb-lohja_html\uusi\public_html\yabbfiles\Templates\Forum\default\right.gif --> www.mtb-lohja.com /mtb-lohja_html/yabbfiles/Templates/Forum/default right.gif
2006.01.24 18:49 A D:\mtb-lohja_html\uusi\public_html\yabbfiles\Templates\Forum\default\rolleyes.gif --> www.mtb-lohja.com /mtb-lohja_html/yabbfiles/Templates/Forum/default rolleyes.gif
2006.01.24 18:49 A D:\mtb-lohja_html\uusi\public_html\yabbfiles\Templates\Forum\default\sad.gif --> www.mtb-lohja.com /mtb-lohja_html/yabbfiles/Templates/Forum/default sad.gif
2006.01.24 18:49 A D:\mtb-lohja_html\uusi\public_html\yabbfiles\Templates\Forum\default\search.gif --> www.mtb-lohja.com /mtb-lohja_html/yabbfiles/Templates/Forum/default search.gif
2006.01.24 18:49 A D:\mtb-lohja_html\uusi\public_html\yabbfiles\Templates\Forum\default\sendtopic.gif --> www.mtb-lohja.com /mtb-lohja_html/yabbfiles/Templates/Forum/default sendtopic.gif
2006.01.24 18:49 A D:\mtb-lohja_html\uusi\public_html\yabbfiles\Templates\Forum\default\session.gif --> www.mtb-lohja.com /mtb-lohja_html/yabbfiles/Templates/Forum/default session.gif
2006.01.24 18:49 A D:\mtb-lohja_html\uusi\public_html\yabbfiles\Templates\Forum\default\sf.gif --> www.mtb-lohja.com /mtb-lohja_html/yabbfiles/Templates/Forum/default sf.gif
2006.01.24 18:49 A D:\mtb-lohja_html\uusi\public_html\yabbfiles\Templates\Forum\default\shad-0.gif --> www.mtb-lohja.com /mtb-lohja_html/yabbfiles/Templates/Forum/default shad-0.gif
2006.01.24 18:49 A D:\mtb-lohja_html\uusi\public_html\yabbfiles\Templates\Forum\default\shad-b.gif --> www.mtb-lohja.com /mtb-lohja_html/yabbfiles/Templates/Forum/default shad-b.gif
2006.01.24 18:49 A D:\mtb-lohja_html\uusi\public_html\yabbfiles\Templates\Forum\default\shad-bl.gif --> www.mtb-lohja.com /mtb-lohja_html/yabbfiles/Templates/Forum/default shad-bl.gif
2006.01.24 18:49 A D:\mtb-lohja_html\uusi\public_html\yabbfiles\Templates\Forum\default\shad-br.gif --> www.mtb-lohja.com /mtb-lohja_html/yabbfiles/Templates/Forum/default shad-br.gif
2006.01.24 18:49 A D:\mtb-lohja_html\uusi\public_html\yabbfiles\Templates\Forum\default\shad-l.gif --> www.mtb-lohja.com /mtb-lohja_html/yabbfiles/Templates/Forum/default shad-l.gif
2006.01.24 18:49 A D:\mtb-lohja_html\uusi\public_html\yabbfiles\Templates\Forum\default\shad-lt.gif --> www.mtb-lohja.com /mtb-lohja_html/yabbfiles/Templates/Forum/default shad-lt.gif
2006.01.24 18:49 A D:\mtb-lohja_html\uusi\public_html\yabbfiles\Templates\Forum\default\shad-r.gif --> www.mtb-lohja.com /mtb-lohja_html/yabbfiles/Templates/Forum/default shad-r.gif
2006.01.24 18:49 A D:\mtb-lohja_html\uusi\public_html\yabbfiles\Templates\Forum\default\shad-rt.gif --> www.mtb-lohja.com /mtb-lohja_html/yabbfiles/Templates/Forum/default shad-rt.gif
2006.01.24 18:49 A D:\mtb-lohja_html\uusi\public_html\yabbfiles\Templates\Forum\default\shad-t.gif --> www.mtb-lohja.com /mtb-lohja_html/yabbfiles/Templates/Forum/default shad-t.gif
2006.01.24 18:49 A D:\mtb-lohja_html\uusi\public_html\yabbfiles\Templates\Forum\default\shadow.gif --> www.mtb-lohja.com /mtb-lohja_html/yabbfiles/Templates/Forum/default shadow.gif
2006.01.24 18:49 A D:\mtb-lohja_html\uusi\public_html\yabbfiles\Templates\Forum\default\shocked.gif --> www.mtb-lohja.com /mtb-lohja_html/yabbfiles/Templates/Forum/default shocked.gif
2006.01.24 18:49 A D:\mtb-lohja_html\uusi\public_html\yabbfiles\Templates\Forum\default\size.gif --> www.mtb-lohja.com /mtb-lohja_html/yabbfiles/Templates/Forum/default size.gif
2006.01.24 18:49 A D:\mtb-lohja_html\uusi\public_html\yabbfiles\Templates\Forum\default\size1.gif --> www.mtb-lohja.com /mtb-lohja_html/yabbfiles/Templates/Forum/default size1.gif
2006.01.24 18:49 A D:\mtb-lohja_html\uusi\public_html\yabbfiles\Templates\Forum\default\smiley.gif --> www.mtb-lohja.com /mtb-lohja_html/yabbfiles/Templates/Forum/default smiley.gif
2006.01.24 18:49 A D:\mtb-lohja_html\uusi\public_html\yabbfiles\Templates\Forum\default\smiley_down.gif --> www.mtb-lohja.com /mtb-lohja_html/yabbfiles/Templates/Forum/default smiley_down.gif
2006.01.24 18:49 A D:\mtb-lohja_html\uusi\public_html\yabbfiles\Templates\Forum\default\smiley_up.gif --> www.mtb-lohja.com /mtb-lohja_html/yabbfiles/Templates/Forum/default smiley_up.gif
2006.01.24 18:49 A D:\mtb-lohja_html\uusi\public_html\yabbfiles\Templates\Forum\default\sort.gif --> www.mtb-lohja.com /mtb-lohja_html/yabbfiles/Templates/Forum/default sort.gif
2006.01.24 18:49 A D:\mtb-lohja_html\uusi\public_html\yabbfiles\Templates\Forum\default\sorted.gif --> www.mtb-lohja.com /mtb-lohja_html/yabbfiles/Templates/Forum/default sorted.gif
2006.01.24 18:49 A D:\mtb-lohja_html\uusi\public_html\yabbfiles\Templates\Forum\default\star.gif --> www.mtb-lohja.com /mtb-lohja_html/yabbfiles/Templates/Forum/default star.gif
2006.01.24 18:49 A D:\mtb-lohja_html\uusi\public_html\yabbfiles\Templates\Forum\default\staradmin.gif --> www.mtb-lohja.com /mtb-lohja_html/yabbfiles/Templates/Forum/default staradmin.gif
2006.01.24 18:49 A D:\mtb-lohja_html\uusi\public_html\yabbfiles\Templates\Forum\default\starblue.gif --> www.mtb-lohja.com /mtb-lohja_html/yabbfiles/Templates/Forum/default starblue.gif
2006.01.24 18:49 A D:\mtb-lohja_html\uusi\public_html\yabbfiles\Templates\Forum\default\stargmod.gif --> www.mtb-lohja.com /mtb-lohja_html/yabbfiles/Templates/Forum/default stargmod.gif
2006.01.24 18:49 A D:\mtb-lohja_html\uusi\public_html\yabbfiles\Templates\Forum\default\stargold.gif --> www.mtb-lohja.com /mtb-lohja_html/yabbfiles/Templates/Forum/default stargold.gif
2006.01.24 18:49 A D:\mtb-lohja_html\uusi\public_html\yabbfiles\Templates\Forum\default\starmod.gif --> www.mtb-lohja.com /mtb-lohja_html/yabbfiles/Templates/Forum/default starmod.gif
2006.01.24 18:49 A D:\mtb-lohja_html\uusi\public_html\yabbfiles\Templates\Forum\default\starsilver.gif --> www.mtb-lohja.com /mtb-lohja_html/yabbfiles/Templates/Forum/default starsilver.gif
2006.01.24 18:49 A D:\mtb-lohja_html\uusi\public_html\yabbfiles\Templates\Forum\default\sticky.gif --> www.mtb-lohja.com /mtb-lohja_html/yabbfiles/Templates/Forum/default sticky.gif
2006.01.24 18:49 A D:\mtb-lohja_html\uusi\public_html\yabbfiles\Templates\Forum\default\stickylock.gif --> www.mtb-lohja.com /mtb-lohja_html/yabbfiles/Templates/Forum/default stickylock.gif
2006.01.24 18:49 A D:\mtb-lohja_html\uusi\public_html\yabbfiles\Templates\Forum\default\strike.gif --> www.mtb-lohja.com /mtb-lohja_html/yabbfiles/Templates/Forum/default strike.gif
2006.01.24 18:49 A D:\mtb-lohja_html\uusi\public_html\yabbfiles\Templates\Forum\default\sub.gif --> www.mtb-lohja.com /mtb-lohja_html/yabbfiles/Templates/Forum/default sub.gif
2006.01.24 18:49 A D:\mtb-lohja_html\uusi\public_html\yabbfiles\Templates\Forum\default\sup.gif --> www.mtb-lohja.com /mtb-lohja_html/yabbfiles/Templates/Forum/default sup.gif
2006.01.24 18:49 A D:\mtb-lohja_html\uusi\public_html\yabbfiles\Templates\Forum\default\table.gif --> www.mtb-lohja.com /mtb-lohja_html/yabbfiles/Templates/Forum/default table.gif
2006.01.24 18:49 A D:\mtb-lohja_html\uusi\public_html\yabbfiles\Templates\Forum\default\td.gif --> www.mtb-lohja.com /mtb-lohja_html/yabbfiles/Templates/Forum/default td.gif
2006.01.24 18:49 A D:\mtb-lohja_html\uusi\public_html\yabbfiles\Templates\Forum\default\tele.gif --> www.mtb-lohja.com /mtb-lohja_html/yabbfiles/Templates/Forum/default tele.gif
2006.01.24 18:49 A D:\mtb-lohja_html\uusi\public_html\yabbfiles\Templates\Forum\default\thread.gif --> www.mtb-lohja.com /mtb-lohja_html/yabbfiles/Templates/Forum/default thread.gif
2006.01.24 18:49 A D:\mtb-lohja_html\uusi\public_html\yabbfiles\Templates\Forum\default\thumbdown.gif --> www.mtb-lohja.com /mtb-lohja_html/yabbfiles/Templates/Forum/default thumbdown.gif
2006.01.24 18:49 A D:\mtb-lohja_html\uusi\public_html\yabbfiles\Templates\Forum\default\thumbsup.gif --> www.mtb-lohja.com /mtb-lohja_html/yabbfiles/Templates/Forum/default thumbsup.gif
2006.01.24 18:49 A D:\mtb-lohja_html\uusi\public_html\yabbfiles\Templates\Forum\default\thumbup.gif --> www.mtb-lohja.com /mtb-lohja_html/yabbfiles/Templates/Forum/default thumbup.gif
2006.01.24 18:49 A D:\mtb-lohja_html\uusi\public_html\yabbfiles\Templates\Forum\default\timestamp.gif --> www.mtb-lohja.com /mtb-lohja_html/yabbfiles/Templates/Forum/default timestamp.gif
2006.01.24 18:49 A D:\mtb-lohja_html\uusi\public_html\yabbfiles\Templates\Forum\default\tline.gif --> www.mtb-lohja.com /mtb-lohja_html/yabbfiles/Templates/Forum/default tline.gif
2006.01.24 18:49 A D:\mtb-lohja_html\uusi\public_html\yabbfiles\Templates\Forum\default\tline2.gif --> www.mtb-lohja.com /mtb-lohja_html/yabbfiles/Templates/Forum/default tline2.gif
2006.01.24 18:49 A D:\mtb-lohja_html\uusi\public_html\yabbfiles\Templates\Forum\default\tline3.gif --> www.mtb-lohja.com /mtb-lohja_html/yabbfiles/Templates/Forum/default tline3.gif
2006.01.24 18:49 A D:\mtb-lohja_html\uusi\public_html\yabbfiles\Templates\Forum\default\tongue.gif --> www.mtb-lohja.com /mtb-lohja_html/yabbfiles/Templates/Forum/default tongue.gif
2006.01.24 18:49 A D:\mtb-lohja_html\uusi\public_html\yabbfiles\Templates\Forum\default\tr.gif --> www.mtb-lohja.com /mtb-lohja_html/yabbfiles/Templates/Forum/default tr.gif
2006.01.24 18:49 A D:\mtb-lohja_html\uusi\public_html\yabbfiles\Templates\Forum\default\undecided.gif --> www.mtb-lohja.com /mtb-lohja_html/yabbfiles/Templates/Forum/default undecided.gif
2006.01.24 18:49 A D:\mtb-lohja_html\uusi\public_html\yabbfiles\Templates\Forum\default\underline.gif --> www.mtb-lohja.com /mtb-lohja_html/yabbfiles/Templates/Forum/default underline.gif
2006.01.24 18:49 A D:\mtb-lohja_html\uusi\public_html\yabbfiles\Templates\Forum\default\url.gif --> www.mtb-lohja.com /mtb-lohja_html/yabbfiles/Templates/Forum/default url.gif
2006.01.24 18:49 A D:\mtb-lohja_html\uusi\public_html\yabbfiles\Templates\Forum\default\usage.gif --> www.mtb-lohja.com /mtb-lohja_html/yabbfiles/Templates/Forum/default usage.gif
2006.01.24 18:49 A D:\mtb-lohja_html\uusi\public_html\yabbfiles\Templates\Forum\default\usagebar.gif --> www.mtb-lohja.com /mtb-lohja_html/yabbfiles/Templates/Forum/default usagebar.gif
2006.01.24 18:49 A D:\mtb-lohja_html\uusi\public_html\yabbfiles\Templates\Forum\default\usageempty.gif --> www.mtb-lohja.com /mtb-lohja_html/yabbfiles/Templates/Forum/default usageempty.gif
2006.01.24 18:49 A D:\mtb-lohja_html\uusi\public_html\yabbfiles\Templates\Forum\default\valid-xhtml10.gif --> www.mtb-lohja.com /mtb-lohja_html/yabbfiles/Templates/Forum/default valid-xhtml10.gif
2006.01.24 18:49 A D:\mtb-lohja_html\uusi\public_html\yabbfiles\Templates\Forum\default\vcss.gif --> www.mtb-lohja.com /mtb-lohja_html/yabbfiles/Templates/Forum/default vcss.gif
2006.01.24 18:49 A D:\mtb-lohja_html\uusi\public_html\yabbfiles\Templates\Forum\default\veryhotthread.gif --> www.mtb-lohja.com /mtb-lohja_html/yabbfiles/Templates/Forum/default veryhotthread.gif
2006.01.24 18:49 A D:\mtb-lohja_html\uusi\public_html\yabbfiles\Templates\Forum\default\wink.gif --> www.mtb-lohja.com /mtb-lohja_html/yabbfiles/Templates/Forum/default wink.gif
2006.01.24 18:49 A D:\mtb-lohja_html\uusi\public_html\yabbfiles\Templates\Forum\default\www.gif --> www.mtb-lohja.com /mtb-lohja_html/yabbfiles/Templates/Forum/default www.gif
2006.01.24 18:49 A D:\mtb-lohja_html\uusi\public_html\yabbfiles\Templates\Forum\default\xhtml.gif --> www.mtb-lohja.com /mtb-lohja_html/yabbfiles/Templates/Forum/default xhtml.gif
2006.01.24 18:49 A D:\mtb-lohja_html\uusi\public_html\yabbfiles\Templates\Forum\default\xx.gif --> www.mtb-lohja.com /mtb-lohja_html/yabbfiles/Templates/Forum/default xx.gif
2006.01.24 18:49 A D:\mtb-lohja_html\uusi\public_html\yabbfiles\Templates\Forum\default\yabbchelp.swf --> www.mtb-lohja.com /mtb-lohja_html/yabbfiles/Templates/Forum/default yabbchelp.swf
2006.01.24 18:49 A D:\mtb-lohja_html\uusi\public_html\yabbfiles\Templates\Forum\default\yabblogo.png --> www.mtb-lohja.com /mtb-lohja_html/yabbfiles/Templates/Forum/default yabblogo.png
2006.01.24 18:49 A D:\mtb-lohja_html\uusi\public_html\yabbfiles\Templates\Forum\default\yim.gif --> www.mtb-lohja.com /mtb-lohja_html/yabbfiles/Templates/Forum/default yim.gif
2006.01.24 19:56 B D:\mtb-lohja_html\uusi\public_html\yabbfiles\Templates\Forum\default\aarea.jpg --> www.mtb-lohja.com /mtb-lohja_html/yabbfiles/Templates/Forum/default aarea.jpg
2006.01.24 19:56 B D:\mtb-lohja_html\uusi\public_html\yabbfiles\Templates\Forum\default\addfav.gif --> www.mtb-lohja.com /mtb-lohja_html/yabbfiles/Templates/Forum/default addfav.gif
2006.01.24 19:56 B D:\mtb-lohja_html\uusi\public_html\yabbfiles\Templates\Forum\default\admin.gif --> www.mtb-lohja.com /mtb-lohja_html/yabbfiles/Templates/Forum/default admin.gif
2006.01.24 19:56 B D:\mtb-lohja_html\uusi\public_html\yabbfiles\Templates\Forum\default\admin_move.gif --> www.mtb-lohja.com /mtb-lohja_html/yabbfiles/Templates/Forum/default admin_move.gif
2006.01.24 19:56 B D:\mtb-lohja_html\uusi\public_html\yabbfiles\Templates\Forum\default\admin_rem.gif --> www.mtb-lohja.com /mtb-lohja_html/yabbfiles/Templates/Forum/default admin_rem.gif
2006.01.24 19:56 B D:\mtb-lohja_html\uusi\public_html\yabbfiles\Templates\Forum\default\admin_splice.gif --> www.mtb-lohja.com /mtb-lohja_html/yabbfiles/Templates/Forum/default admin_splice.gif
2006.01.24 19:56 B D:\mtb-lohja_html\uusi\public_html\yabbfiles\Templates\Forum\default\admin_split.gif --> www.mtb-lohja.com /mtb-lohja_html/yabbfiles/Templates/Forum/default admin_split.gif
2006.01.24 19:56 B D:\mtb-lohja_html\uusi\public_html\yabbfiles\Templates\Forum\default\admin_split_splice.gif --> www.mtb-lohja.com /mtb-lohja_html/yabbfiles/Templates/Forum/default admin_split_splice.gif
2006.01.24 19:56 B D:\mtb-lohja_html\uusi\public_html\yabbfiles\Templates\Forum\default\administrator.gif --> www.mtb-lohja.com /mtb-lohja_html/yabbfiles/Templates/Forum/default administrator.gif
2006.01.24 19:56 B D:\mtb-lohja_html\uusi\public_html\yabbfiles\Templates\Forum\default\aim.gif --> www.mtb-lohja.com /mtb-lohja_html/yabbfiles/Templates/Forum/default aim.gif
2006.01.24 19:56 B D:\mtb-lohja_html\uusi\public_html\yabbfiles\Templates\Forum\default\angry.gif --> www.mtb-lohja.com /mtb-lohja_html/yabbfiles/Templates/Forum/default angry.gif
2006.01.24 19:56 B D:\mtb-lohja_html\uusi\public_html\yabbfiles\Templates\Forum\default\ann.gif --> www.mtb-lohja.com /mtb-lohja_html/yabbfiles/Templates/Forum/default ann.gif
2006.01.24 19:56 B D:\mtb-lohja_html\uusi\public_html\yabbfiles\Templates\Forum\default\announcement.gif --> www.mtb-lohja.com /mtb-lohja_html/yabbfiles/Templates/Forum/default announcement.gif
2006.01.24 19:56 B D:\mtb-lohja_html\uusi\public_html\yabbfiles\Templates\Forum\default\answered.gif --> www.mtb-lohja.com /mtb-lohja_html/yabbfiles/Templates/Forum/default answered.gif
2006.01.24 19:56 B D:\mtb-lohja_html\uusi\public_html\yabbfiles\Templates\Forum\default\arrow.gif --> www.mtb-lohja.com /mtb-lohja_html/yabbfiles/Templates/Forum/default arrow.gif
2006.01.24 19:56 B D:\mtb-lohja_html\uusi\public_html\yabbfiles\Templates\Forum\default\balloon2.gif --> www.mtb-lohja.com /mtb-lohja_html/yabbfiles/Templates/Forum/default balloon2.gif
2006.01.24 19:56 B D:\mtb-lohja_html\uusi\public_html\yabbfiles\Templates\Forum\default\ban.gif --> www.mtb-lohja.com /mtb-lohja_html/yabbfiles/Templates/Forum/default ban.gif
2006.01.24 19:56 B D:\mtb-lohja_html\uusi\public_html\yabbfiles\Templates\Forum\default\bar.gif --> www.mtb-lohja.com /mtb-lohja_html/yabbfiles/Templates/Forum/default bar.gif
2006.01.24 19:56 B D:\mtb-lohja_html\uusi\public_html\yabbfiles\Templates\Forum\default\bdaycake.gif --> www.mtb-lohja.com /mtb-lohja_html/yabbfiles/Templates/Forum/default bdaycake.gif
2006.01.24 19:56 B D:\mtb-lohja_html\uusi\public_html\yabbfiles\Templates\Forum\default\bgcolor.gif --> www.mtb-lohja.com /mtb-lohja_html/yabbfiles/Templates/Forum/default bgcolor.gif
2006.01.24 19:56 B D:\mtb-lohja_html\uusi\public_html\yabbfiles\Templates\Forum\default\blank.gif --> www.mtb-lohja.com /mtb-lohja_html/yabbfiles/Templates/Forum/default blank.gif
2006.01.24 19:56 B D:\mtb-lohja_html\uusi\public_html\yabbfiles\Templates\Forum\default\board.gif --> www.mtb-lohja.com /mtb-lohja_html/yabbfiles/Templates/Forum/default board.gif
2006.01.24 19:56 B D:\mtb-lohja_html\uusi\public_html\yabbfiles\Templates\Forum\default\bold.gif --> www.mtb-lohja.com /mtb-lohja_html/yabbfiles/Templates/Forum/default bold.gif
2006.01.24 19:56 B D:\mtb-lohja_html\uusi\public_html\yabbfiles\Templates\Forum\default\buddylist.gif --> www.mtb-lohja.com /mtb-lohja_html/yabbfiles/Templates/Forum/default buddylist.gif
2006.01.24 19:56 B D:\mtb-lohja_html\uusi\public_html\yabbfiles\Templates\Forum\default\cat.gif --> www.mtb-lohja.com /mtb-lohja_html/yabbfiles/Templates/Forum/default cat.gif
2006.01.24 19:56 B D:\mtb-lohja_html\uusi\public_html\yabbfiles\Templates\Forum\default\cat_collall.gif --> www.mtb-lohja.com /mtb-lohja_html/yabbfiles/Templates/Forum/default cat_collall.gif
2006.01.24 19:56 B D:\mtb-lohja_html\uusi\public_html\yabbfiles\Templates\Forum\default\cat_collapse.gif --> www.mtb-lohja.com /mtb-lohja_html/yabbfiles/Templates/Forum/default cat_collapse.gif
2006.01.24 19:56 B D:\mtb-lohja_html\uusi\public_html\yabbfiles\Templates\Forum\default\cat_expand.gif --> www.mtb-lohja.com /mtb-lohja_html/yabbfiles/Templates/Forum/default cat_expand.gif
2006.01.24 19:56 B D:\mtb-lohja_html\uusi\public_html\yabbfiles\Templates\Forum\default\catbg.png --> www.mtb-lohja.com /mtb-lohja_html/yabbfiles/Templates/Forum/default catbg.png
2006.01.24 19:56 B D:\mtb-lohja_html\uusi\public_html\yabbfiles\Templates\Forum\default\center.gif --> www.mtb-lohja.com /mtb-lohja_html/yabbfiles/Templates/Forum/default center.gif
2006.01.24 19:56 B D:\mtb-lohja_html\uusi\public_html\yabbfiles\Templates\Forum\default\cheesy.gif --> www.mtb-lohja.com /mtb-lohja_html/yabbfiles/Templates/Forum/default cheesy.gif
2006.01.24 19:56 B D:\mtb-lohja_html\uusi\public_html\yabbfiles\Templates\Forum\default\closed.gif --> www.mtb-lohja.com /mtb-lohja_html/yabbfiles/Templates/Forum/default closed.gif
2006.01.24 19:56 B D:\mtb-lohja_html\uusi\public_html\yabbfiles\Templates\Forum\default\code.gif --> www.mtb-lohja.com /mtb-lohja_html/yabbfiles/Templates/Forum/default code.gif
2006.01.24 19:56 B D:\mtb-lohja_html\uusi\public_html\yabbfiles\Templates\Forum\default\code1.gif --> www.mtb-lohja.com /mtb-lohja_html/yabbfiles/Templates/Forum/default code1.gif
2006.01.24 19:56 B D:\mtb-lohja_html\uusi\public_html\yabbfiles\Templates\Forum\default\cool.gif --> www.mtb-lohja.com /mtb-lohja_html/yabbfiles/Templates/Forum/default cool.gif
2006.01.24 19:56 B D:\mtb-lohja_html\uusi\public_html\yabbfiles\Templates\Forum\default\cry.gif --> www.mtb-lohja.com /mtb-lohja_html/yabbfiles/Templates/Forum/default cry.gif
2006.01.24 19:56 B D:\mtb-lohja_html\uusi\public_html\yabbfiles\Templates\Forum\default\css.gif --> www.mtb-lohja.com /mtb-lohja_html/yabbfiles/Templates/Forum/default css.gif
2006.01.24 19:56 B D:\mtb-lohja_html\uusi\public_html\yabbfiles\Templates\Forum\default\cssbold.gif --> www.mtb-lohja.com /mtb-lohja_html/yabbfiles/Templates/Forum/default cssbold.gif
2006.01.24 19:56 B D:\mtb-lohja_html\uusi\public_html\yabbfiles\Templates\Forum\default\cssitalic.gif --> www.mtb-lohja.com /mtb-lohja_html/yabbfiles/Templates/Forum/default cssitalic.gif
2006.01.24 19:56 B D:\mtb-lohja_html\uusi\public_html\yabbfiles\Templates\Forum\default\delete.gif --> www.mtb-lohja.com /mtb-lohja_html/yabbfiles/Templates/Forum/default delete.gif
2006.01.24 19:56 B D:\mtb-lohja_html\uusi\public_html\yabbfiles\Templates\Forum\default\des.gif --> www.mtb-lohja.com /mtb-lohja_html/yabbfiles/Templates/Forum/default des.gif
2006.01.24 19:56 B D:\mtb-lohja_html\uusi\public_html\yabbfiles\Templates\Forum\default\edit.gif --> www.mtb-lohja.com /mtb-lohja_html/yabbfiles/Templates/Forum/default edit.gif
2006.01.24 19:56 B D:\mtb-lohja_html\uusi\public_html\yabbfiles\Templates\Forum\default\email.gif --> www.mtb-lohja.com /mtb-lohja_html/yabbfiles/Templates/Forum/default email.gif
2006.01.24 19:56 B D:\mtb-lohja_html\uusi\public_html\yabbfiles\Templates\Forum\default\email2.gif --> www.mtb-lohja.com /mtb-lohja_html/yabbfiles/Templates/Forum/default email2.gif
2006.01.24 19:56 B D:\mtb-lohja_html\uusi\public_html\yabbfiles\Templates\Forum\default\embarassed.gif --> www.mtb-lohja.com /mtb-lohja_html/yabbfiles/Templates/Forum/default embarassed.gif
2006.01.24 19:56 B D:\mtb-lohja_html\uusi\public_html\yabbfiles\Templates\Forum\default\evil.gif --> www.mtb-lohja.com /mtb-lohja_html/yabbfiles/Templates/Forum/default evil.gif
2006.01.24 19:56 B D:\mtb-lohja_html\uusi\public_html\yabbfiles\Templates\Forum\default\exclamation.gif --> www.mtb-lohja.com /mtb-lohja_html/yabbfiles/Templates/Forum/default exclamation.gif
2006.01.24 19:56 B D:\mtb-lohja_html\uusi\public_html\yabbfiles\Templates\Forum\default\face.gif --> www.mtb-lohja.com /mtb-lohja_html/yabbfiles/Templates/Forum/default face.gif
2006.01.24 19:56 B D:\mtb-lohja_html\uusi\public_html\yabbfiles\Templates\Forum\default\face1.gif --> www.mtb-lohja.com /mtb-lohja_html/yabbfiles/Templates/Forum/default face1.gif
2006.01.24 19:56 B D:\mtb-lohja_html\uusi\public_html\yabbfiles\Templates\Forum\default\fade.gif --> www.mtb-lohja.com /mtb-lohja_html/yabbfiles/Templates/Forum/default fade.gif
2006.01.24 19:56 B D:\mtb-lohja_html\uusi\public_html\yabbfiles\Templates\Forum\default\favorites.gif --> www.mtb-lohja.com /mtb-lohja_html/yabbfiles/Templates/Forum/default favorites.gif
2006.01.24 19:56 B D:\mtb-lohja_html\uusi\public_html\yabbfiles\Templates\Forum\default\female.gif --> www.mtb-lohja.com /mtb-lohja_html/yabbfiles/Templates/Forum/default female.gif
2006.01.24 19:56 B D:\mtb-lohja_html\uusi\public_html\yabbfiles\Templates\Forum\default\fill.gif --> www.mtb-lohja.com /mtb-lohja_html/yabbfiles/Templates/Forum/default fill.gif
2006.01.24 19:56 B D:\mtb-lohja_html\uusi\public_html\yabbfiles\Templates\Forum\default\flash.gif --> www.mtb-lohja.com /mtb-lohja_html/yabbfiles/Templates/Forum/default flash.gif
2006.01.24 19:56 B D:\mtb-lohja_html\uusi\public_html\yabbfiles\Templates\Forum\default\ftp.gif --> www.mtb-lohja.com /mtb-lohja_html/yabbfiles/Templates/Forum/default ftp.gif
2006.01.24 19:56 B D:\mtb-lohja_html\uusi\public_html\yabbfiles\Templates\Forum\default\gender.gif --> www.mtb-lohja.com /mtb-lohja_html/yabbfiles/Templates/Forum/default gender.gif
2006.01.24 19:56 B D:\mtb-lohja_html\uusi\public_html\yabbfiles\Templates\Forum\default\glow.gif --> www.mtb-lohja.com /mtb-lohja_html/yabbfiles/Templates/Forum/default glow.gif
2006.01.24 19:56 B D:\mtb-lohja_html\uusi\public_html\yabbfiles\Templates\Forum\default\green0.gif --> www.mtb-lohja.com /mtb-lohja_html/yabbfiles/Templates/Forum/default green0.gif
2006.01.24 19:56 B D:\mtb-lohja_html\uusi\public_html\yabbfiles\Templates\Forum\default\green1.gif --> www.mtb-lohja.com /mtb-lohja_html/yabbfiles/Templates/Forum/default green1.gif
2006.01.24 19:56 B D:\mtb-lohja_html\uusi\public_html\yabbfiles\Templates\Forum\default\greenon.gif --> www.mtb-lohja.com /mtb-lohja_html/yabbfiles/Templates/Forum/default greenon.gif
2006.01.24 19:56 B D:\mtb-lohja_html\uusi\public_html\yabbfiles\Templates\Forum\default\grey1.gif --> www.mtb-lohja.com /mtb-lohja_html/yabbfiles/Templates/Forum/default grey1.gif
2006.01.24 19:56 B D:\mtb-lohja_html\uusi\public_html\yabbfiles\Templates\Forum\default\grin.gif --> www.mtb-lohja.com /mtb-lohja_html/yabbfiles/Templates/Forum/default grin.gif
2006.01.24 19:56 B D:\mtb-lohja_html\uusi\public_html\yabbfiles\Templates\Forum\default\gtalk2.gif --> www.mtb-lohja.com /mtb-lohja_html/yabbfiles/Templates/Forum/default gtalk2.gif
2006.01.24 19:56 B D:\mtb-lohja_html\uusi\public_html\yabbfiles\Templates\Forum\default\guardian.gif --> www.mtb-lohja.com /mtb-lohja_html/yabbfiles/Templates/Forum/default guardian.gif
2006.01.24 19:56 B D:\mtb-lohja_html\uusi\public_html\yabbfiles\Templates\Forum\default\guardian_icon.gif --> www.mtb-lohja.com /mtb-lohja_html/yabbfiles/Templates/Forum/default guardian_icon.gif
2006.01.24 19:56 B D:\mtb-lohja_html\uusi\public_html\yabbfiles\Templates\Forum\default\guest.gif --> www.mtb-lohja.com /mtb-lohja_html/yabbfiles/Templates/Forum/default guest.gif
2006.01.24 19:56 B D:\mtb-lohja_html\uusi\public_html\yabbfiles\Templates\Forum\default\happy.gif --> www.mtb-lohja.com /mtb-lohja_html/yabbfiles/Templates/Forum/default happy.gif
2006.01.24 19:56 B D:\mtb-lohja_html\uusi\public_html\yabbfiles\Templates\Forum\default\headerbg.png --> www.mtb-lohja.com /mtb-lohja_html/yabbfiles/Templates/Forum/default headerbg.png
2006.01.24 19:56 B D:\mtb-lohja_html\uusi\public_html\yabbfiles\Templates\Forum\default\help.gif --> www.mtb-lohja.com /mtb-lohja_html/yabbfiles/Templates/Forum/default help.gif
2006.01.24 19:56 B D:\mtb-lohja_html\uusi\public_html\yabbfiles\Templates\Forum\default\help1.gif --> www.mtb-lohja.com /mtb-lohja_html/yabbfiles/Templates/Forum/default help1.gif
2006.01.24 19:56 B D:\mtb-lohja_html\uusi\public_html\yabbfiles\Templates\Forum\default\hide.gif --> www.mtb-lohja.com /mtb-lohja_html/yabbfiles/Templates/Forum/default hide.gif
2006.01.24 19:56 B D:\mtb-lohja_html\uusi\public_html\yabbfiles\Templates\Forum\default\hidelock.gif --> www.mtb-lohja.com /mtb-lohja_html/yabbfiles/Templates/Forum/default hidelock.gif
2006.01.24 19:56 B D:\mtb-lohja_html\uusi\public_html\yabbfiles\Templates\Forum\default\hidesticky.gif --> www.mtb-lohja.com /mtb-lohja_html/yabbfiles/Templates/Forum/default hidesticky.gif
2006.01.24 19:56 B D:\mtb-lohja_html\uusi\public_html\yabbfiles\Templates\Forum\default\hidestickylock.gif --> www.mtb-lohja.com /mtb-lohja_html/yabbfiles/Templates/Forum/default hidestickylock.gif
2006.01.24 19:56 B D:\mtb-lohja_html\uusi\public_html\yabbfiles\Templates\Forum\default\highlight.gif --> www.mtb-lohja.com /mtb-lohja_html/yabbfiles/Templates/Forum/default highlight.gif
2006.01.24 19:56 B D:\mtb-lohja_html\uusi\public_html\yabbfiles\Templates\Forum\default\home.gif --> www.mtb-lohja.com /mtb-lohja_html/yabbfiles/Templates/Forum/default home.gif
2006.01.24 19:56 B D:\mtb-lohja_html\uusi\public_html\yabbfiles\Templates\Forum\default\hotthread.gif --> www.mtb-lohja.com /mtb-lohja_html/yabbfiles/Templates/Forum/default hotthread.gif
2006.01.24 19:56 B D:\mtb-lohja_html\uusi\public_html\yabbfiles\Templates\Forum\default\hr.gif --> www.mtb-lohja.com /mtb-lohja_html/yabbfiles/Templates/Forum/default hr.gif
2006.01.24 19:56 B D:\mtb-lohja_html\uusi\public_html\yabbfiles\Templates\Forum\default\huh.gif --> www.mtb-lohja.com /mtb-lohja_html/yabbfiles/Templates/Forum/default huh.gif
2006.01.24 19:56 B D:\mtb-lohja_html\uusi\public_html\yabbfiles\Templates\Forum\default\icqadd.gif --> www.mtb-lohja.com /mtb-lohja_html/yabbfiles/Templates/Forum/default icqadd.gif
2006.01.24 19:56 B D:\mtb-lohja_html\uusi\public_html\yabbfiles\Templates\Forum\default\icqflow.gif --> www.mtb-lohja.com /mtb-lohja_html/yabbfiles/Templates/Forum/default icqflow.gif
2006.01.24 19:56 B D:\mtb-lohja_html\uusi\public_html\yabbfiles\Templates\Forum\default\im_config.gif --> www.mtb-lohja.com /mtb-lohja_html/yabbfiles/Templates/Forum/default im_config.gif
2006.01.24 19:56 B D:\mtb-lohja_html\uusi\public_html\yabbfiles\Templates\Forum\default\im_delete.gif --> www.mtb-lohja.com /mtb-lohja_html/yabbfiles/Templates/Forum/default im_delete.gif
2006.01.24 19:56 B D:\mtb-lohja_html\uusi\public_html\yabbfiles\Templates\Forum\default\im_inbox.gif --> www.mtb-lohja.com /mtb-lohja_html/yabbfiles/Templates/Forum/default im_inbox.gif
2006.01.24 19:56 B D:\mtb-lohja_html\uusi\public_html\yabbfiles\Templates\Forum\default\im_new.gif --> www.mtb-lohja.com /mtb-lohja_html/yabbfiles/Templates/Forum/default im_new.gif
2006.01.24 19:56 B D:\mtb-lohja_html\uusi\public_html\yabbfiles\Templates\Forum\default\im_outbox.gif --> www.mtb-lohja.com /mtb-lohja_html/yabbfiles/Templates/Forum/default im_outbox.gif
2006.01.24 19:56 B D:\mtb-lohja_html\uusi\public_html\yabbfiles\Templates\Forum\default\im_reload.gif --> www.mtb-lohja.com /mtb-lohja_html/yabbfiles/Templates/Forum/default im_reload.gif
2006.01.24 19:56 B D:\mtb-lohja_html\uusi\public_html\yabbfiles\Templates\Forum\default\imclose.gif --> www.mtb-lohja.com /mtb-lohja_html/yabbfiles/Templates/Forum/default imclose.gif
2006.01.24 19:56 B D:\mtb-lohja_html\uusi\public_html\yabbfiles\Templates\Forum\default\img.gif --> www.mtb-lohja.com /mtb-lohja_html/yabbfiles/Templates/Forum/default img.gif
2006.01.24 19:56 B D:\mtb-lohja_html\uusi\public_html\yabbfiles\Templates\Forum\default\imopen.gif --> www.mtb-lohja.com /mtb-lohja_html/yabbfiles/Templates/Forum/default imopen.gif
2006.01.24 19:56 B D:\mtb-lohja_html\uusi\public_html\yabbfiles\Templates\Forum\default\imstore.gif --> www.mtb-lohja.com /mtb-lohja_html/yabbfiles/Templates/Forum/default imstore.gif
2006.01.24 19:56 B D:\mtb-lohja_html\uusi\public_html\yabbfiles\Templates\Forum\default\index_drop.gif --> www.mtb-lohja.com /mtb-lohja_html/yabbfiles/Templates/Forum/default index_drop.gif
2006.01.24 19:56 B D:\mtb-lohja_html\uusi\public_html\yabbfiles\Templates\Forum\default\index_left.gif --> www.mtb-lohja.com /mtb-lohja_html/yabbfiles/Templates/Forum/default index_left.gif
2006.01.24 19:56 B D:\mtb-lohja_html\uusi\public_html\yabbfiles\Templates\Forum\default\index_left0.gif --> www.mtb-lohja.com /mtb-lohja_html/yabbfiles/Templates/Forum/default index_left0.gif
2006.01.24 19:56 B D:\mtb-lohja_html\uusi\public_html\yabbfiles\Templates\Forum\default\index_right.gif --> www.mtb-lohja.com /mtb-lohja_html/yabbfiles/Templates/Forum/default index_right.gif
2006.01.24 19:56 B D:\mtb-lohja_html\uusi\public_html\yabbfiles\Templates\Forum\default\index_right0.gif --> www.mtb-lohja.com /mtb-lohja_html/yabbfiles/Templates/Forum/default index_right0.gif
2006.01.24 19:56 B D:\mtb-lohja_html\uusi\public_html\yabbfiles\Templates\Forum\default\index_text.gif --> www.mtb-lohja.com /mtb-lohja_html/yabbfiles/Templates/Forum/default index_text.gif
2006.01.24 19:56 B D:\mtb-lohja_html\uusi\public_html\yabbfiles\Templates\Forum\default\index_togl.gif --> www.mtb-lohja.com /mtb-lohja_html/yabbfiles/Templates/Forum/default index_togl.gif
2006.01.24 19:56 B D:\mtb-lohja_html\uusi\public_html\yabbfiles\Templates\Forum\default\info.gif --> www.mtb-lohja.com /mtb-lohja_html/yabbfiles/Templates/Forum/default info.gif
2006.01.24 19:56 B D:\mtb-lohja_html\uusi\public_html\yabbfiles\Templates\Forum\default\ip.gif --> www.mtb-lohja.com /mtb-lohja_html/yabbfiles/Templates/Forum/default ip.gif
2006.01.24 19:56 B D:\mtb-lohja_html\uusi\public_html\yabbfiles\Templates\Forum\default\italicize.gif --> www.mtb-lohja.com /mtb-lohja_html/yabbfiles/Templates/Forum/default italicize.gif
2006.01.24 19:56 B D:\mtb-lohja_html\uusi\public_html\yabbfiles\Templates\Forum\default\kiss.gif --> www.mtb-lohja.com /mtb-lohja_html/yabbfiles/Templates/Forum/default kiss.gif
2006.01.24 19:56 B D:\mtb-lohja_html\uusi\public_html\yabbfiles\Templates\Forum\default\lamp.gif --> www.mtb-lohja.com /mtb-lohja_html/yabbfiles/Templates/Forum/default lamp.gif
2006.01.24 19:56 B D:\mtb-lohja_html\uusi\public_html\yabbfiles\Templates\Forum\default\lastpost.gif --> www.mtb-lohja.com /mtb-lohja_html/yabbfiles/Templates/Forum/default lastpost.gif
2006.01.24 19:56 B D:\mtb-lohja_html\uusi\public_html\yabbfiles\Templates\Forum\default\laugh.gif --> www.mtb-lohja.com /mtb-lohja_html/yabbfiles/Templates/Forum/default laugh.gif
2006.01.24 19:56 B D:\mtb-lohja_html\uusi\public_html\yabbfiles\Templates\Forum\default\left.gif --> www.mtb-lohja.com /mtb-lohja_html/yabbfiles/Templates/Forum/default left.gif
2006.01.24 19:56 B D:\mtb-lohja_html\uusi\public_html\yabbfiles\Templates\Forum\default\lipsrsealed.gif --> www.mtb-lohja.com /mtb-lohja_html/yabbfiles/Templates/Forum/default lipsrsealed.gif
2006.01.24 19:56 B D:\mtb-lohja_html\uusi\public_html\yabbfiles\Templates\Forum\default\list.gif --> www.mtb-lohja.com /mtb-lohja_html/yabbfiles/Templates/Forum/default list.gif
2006.01.24 19:56 B D:\mtb-lohja_html\uusi\public_html\yabbfiles\Templates\Forum\default\locked.gif --> www.mtb-lohja.com /mtb-lohja_html/yabbfiles/Templates/Forum/default locked.gif
2006.01.24 19:56 B D:\mtb-lohja_html\uusi\public_html\yabbfiles\Templates\Forum\default\lockmail.gif --> www.mtb-lohja.com /mtb-lohja_html/yabbfiles/Templates/Forum/default lockmail.gif
2006.01.24 19:56 B D:\mtb-lohja_html\uusi\public_html\yabbfiles\Templates\Forum\default\login.gif --> www.mtb-lohja.com /mtb-lohja_html/yabbfiles/Templates/Forum/default login.gif
2006.01.24 19:56 B D:\mtb-lohja_html\uusi\public_html\yabbfiles\Templates\Forum\default\logout.gif --> www.mtb-lohja.com /mtb-lohja_html/yabbfiles/Templates/Forum/default logout.gif
2006.01.24 19:56 B D:\mtb-lohja_html\uusi\public_html\yabbfiles\Templates\Forum\default\male.gif --> www.mtb-lohja.com /mtb-lohja_html/yabbfiles/Templates/Forum/default male.gif
2006.01.24 19:56 B D:\mtb-lohja_html\uusi\public_html\yabbfiles\Templates\Forum\default\markread.gif --> www.mtb-lohja.com /mtb-lohja_html/yabbfiles/Templates/Forum/default markread.gif
2006.01.24 19:56 B D:\mtb-lohja_html\uusi\public_html\yabbfiles\Templates\Forum\default\markunread.gif --> www.mtb-lohja.com /mtb-lohja_html/yabbfiles/Templates/Forum/default markunread.gif
2006.01.24 19:56 B D:\mtb-lohja_html\uusi\public_html\yabbfiles\Templates\Forum\default\me.gif --> www.mtb-lohja.com /mtb-lohja_html/yabbfiles/Templates/Forum/default me.gif
2006.01.24 19:56 B D:\mtb-lohja_html\uusi\public_html\yabbfiles\Templates\Forum\default\message.gif --> www.mtb-lohja.com /mtb-lohja_html/yabbfiles/Templates/Forum/default message.gif
2006.01.24 19:56 B D:\mtb-lohja_html\uusi\public_html\yabbfiles\Templates\Forum\default\modify.gif --> www.mtb-lohja.com /mtb-lohja_html/yabbfiles/Templates/Forum/default modify.gif
2006.01.24 19:56 B D:\mtb-lohja_html\uusi\public_html\yabbfiles\Templates\Forum\default\move.gif --> www.mtb-lohja.com /mtb-lohja_html/yabbfiles/Templates/Forum/default move.gif
2006.01.24 19:56 B D:\mtb-lohja_html\uusi\public_html\yabbfiles\Templates\Forum\default\msn.gif --> www.mtb-lohja.com /mtb-lohja_html/yabbfiles/Templates/Forum/default msn.gif
2006.01.24 19:56 B D:\mtb-lohja_html\uusi\public_html\yabbfiles\Templates\Forum\default\msn0.gif --> www.mtb-lohja.com /mtb-lohja_html/yabbfiles/Templates/Forum/default msn0.gif
2006.01.24 19:56 B D:\mtb-lohja_html\uusi\public_html\yabbfiles\Templates\Forum\default\msn1.gif --> www.mtb-lohja.com /mtb-lohja_html/yabbfiles/Templates/Forum/default msn1.gif
2006.01.24 19:56 B D:\mtb-lohja_html\uusi\public_html\yabbfiles\Templates\Forum\default\msn10.gif --> www.mtb-lohja.com /mtb-lohja_html/yabbfiles/Templates/Forum/default msn10.gif
2006.01.24 19:56 B D:\mtb-lohja_html\uusi\public_html\yabbfiles\Templates\Forum\default\msn14.gif --> www.mtb-lohja.com /mtb-lohja_html/yabbfiles/Templates/Forum/default msn14.gif
2006.01.24 19:56 B D:\mtb-lohja_html\uusi\public_html\yabbfiles\Templates\Forum\default\msn18.gif --> www.mtb-lohja.com /mtb-lohja_html/yabbfiles/Templates/Forum/default msn18.gif
2006.01.24 19:56 B D:\mtb-lohja_html\uusi\public_html\yabbfiles\Templates\Forum\default\msn2.gif --> www.mtb-lohja.com /mtb-lohja_html/yabbfiles/Templates/Forum/default msn2.gif
2006.01.24 19:56 B D:\mtb-lohja_html\uusi\public_html\yabbfiles\Templates\Forum\default\msn3.gif --> www.mtb-lohja.com /mtb-lohja_html/yabbfiles/Templates/Forum/default msn3.gif
2006.01.24 19:56 B D:\mtb-lohja_html\uusi\public_html\yabbfiles\Templates\Forum\default\msn34.gif --> www.mtb-lohja.com /mtb-lohja_html/yabbfiles/Templates/Forum/default msn34.gif
2006.01.24 19:56 B D:\mtb-lohja_html\uusi\public_html\yabbfiles\Templates\Forum\default\msn50.gif --> www.mtb-lohja.com /mtb-lohja_html/yabbfiles/Templates/Forum/default msn50.gif
2006.01.24 19:56 B D:\mtb-lohja_html\uusi\public_html\yabbfiles\Templates\Forum\default\msn66.gif --> www.mtb-lohja.com /mtb-lohja_html/yabbfiles/Templates/Forum/default msn66.gif
2006.01.24 19:56 B D:\mtb-lohja_html\uusi\public_html\yabbfiles\Templates\Forum\default\new.gif --> www.mtb-lohja.com /mtb-lohja_html/yabbfiles/Templates/Forum/default new.gif
2006.01.24 19:56 B D:\mtb-lohja_html\uusi\public_html\yabbfiles\Templates\Forum\default\new_thread.gif --> www.mtb-lohja.com /mtb-lohja_html/yabbfiles/Templates/Forum/default new_thread.gif
2006.01.24 19:56 B D:\mtb-lohja_html\uusi\public_html\yabbfiles\Templates\Forum\default\news.gif --> www.mtb-lohja.com /mtb-lohja_html/yabbfiles/Templates/Forum/default news.gif
2006.01.24 19:56 B D:\mtb-lohja_html\uusi\public_html\yabbfiles\Templates\Forum\default\next.gif --> www.mtb-lohja.com /mtb-lohja_html/yabbfiles/Templates/Forum/default next.gif
2006.01.24 19:56 B D:\mtb-lohja_html\uusi\public_html\yabbfiles\Templates\Forum\default\nn.gif --> www.mtb-lohja.com /mtb-lohja_html/yabbfiles/Templates/Forum/default nn.gif
2006.01.24 19:56 B D:\mtb-lohja_html\uusi\public_html\yabbfiles\Templates\Forum\default\none.gif --> www.mtb-lohja.com /mtb-lohja_html/yabbfiles/Templates/Forum/default none.gif
2006.01.24 19:56 B D:\mtb-lohja_html\uusi\public_html\yabbfiles\Templates\Forum\default\notify.gif --> www.mtb-lohja.com /mtb-lohja_html/yabbfiles/Templates/Forum/default notify.gif
2006.01.24 19:56 B D:\mtb-lohja_html\uusi\public_html\yabbfiles\Templates\Forum\default\off.gif --> www.mtb-lohja.com /mtb-lohja_html/yabbfiles/Templates/Forum/default off.gif
2006.01.24 19:56 B D:\mtb-lohja_html\uusi\public_html\yabbfiles\Templates\Forum\default\off_led.png --> www.mtb-lohja.com /mtb-lohja_html/yabbfiles/Templates/Forum/default off_led.png
2006.01.24 19:56 B D:\mtb-lohja_html\uusi\public_html\yabbfiles\Templates\Forum\default\on.gif --> www.mtb-lohja.com /mtb-lohja_html/yabbfiles/Templates/Forum/default on.gif
2006.01.24 19:56 B D:\mtb-lohja_html\uusi\public_html\yabbfiles\Templates\Forum\default\on_led.png --> www.mtb-lohja.com /mtb-lohja_html/yabbfiles/Templates/Forum/default on_led.png
2006.01.24 19:56 B D:\mtb-lohja_html\uusi\public_html\yabbfiles\Templates\Forum\default\online.gif --> www.mtb-lohja.com /mtb-lohja_html/yabbfiles/Templates/Forum/default online.gif
2006.01.24 19:56 B D:\mtb-lohja_html\uusi\public_html\yabbfiles\Templates\Forum\default\open.gif --> www.mtb-lohja.com /mtb-lohja_html/yabbfiles/Templates/Forum/default open.gif
2006.01.24 19:56 B D:\mtb-lohja_html\uusi\public_html\yabbfiles\Templates\Forum\default\palette.gif --> www.mtb-lohja.com /mtb-lohja_html/yabbfiles/Templates/Forum/default palette.gif
2006.01.24 19:56 B D:\mtb-lohja_html\uusi\public_html\yabbfiles\Templates\Forum\default\paperclip.gif --> www.mtb-lohja.com /mtb-lohja_html/yabbfiles/Templates/Forum/default paperclip.gif
2006.01.24 19:56 B D:\mtb-lohja_html\uusi\public_html\yabbfiles\Templates\Forum\default\perl.gif --> www.mtb-lohja.com /mtb-lohja_html/yabbfiles/Templates/Forum/default perl.gif
2006.01.24 19:56 B D:\mtb-lohja_html\uusi\public_html\yabbfiles\Templates\Forum\default\poll_animated.gif --> www.mtb-lohja.com /mtb-lohja_html/yabbfiles/Templates/Forum/default poll_animated.gif
2006.01.24 19:56 B D:\mtb-lohja_html\uusi\public_html\yabbfiles\Templates\Forum\default\poll_animated2.gif --> www.mtb-lohja.com /mtb-lohja_html/yabbfiles/Templates/Forum/default poll_animated2.gif
2006.01.24 19:56 B D:\mtb-lohja_html\uusi\public_html\yabbfiles\Templates\Forum\default\poll_create.gif --> www.mtb-lohja.com /mtb-lohja_html/yabbfiles/Templates/Forum/default poll_create.gif
2006.01.24 19:56 B D:\mtb-lohja_html\uusi\public_html\yabbfiles\Templates\Forum\default\poll_create2.gif --> www.mtb-lohja.com /mtb-lohja_html/yabbfiles/Templates/Forum/default poll_create2.gif
2006.01.24 19:56 B D:\mtb-lohja_html\uusi\public_html\yabbfiles\Templates\Forum\default\poll_del.gif --> www.mtb-lohja.com /mtb-lohja_html/yabbfiles/Templates/Forum/default poll_del.gif
2006.01.24 19:56 B D:\mtb-lohja_html\uusi\public_html\yabbfiles\Templates\Forum\default\poll_del2.gif --> www.mtb-lohja.com /mtb-lohja_html/yabbfiles/Templates/Forum/default poll_del2.gif
2006.01.24 19:56 B D:\mtb-lohja_html\uusi\public_html\yabbfiles\Templates\Forum\default\poll_dvote.gif --> www.mtb-lohja.com /mtb-lohja_html/yabbfiles/Templates/Forum/default poll_dvote.gif
2006.01.24 19:56 B D:\mtb-lohja_html\uusi\public_html\yabbfiles\Templates\Forum\default\poll_left.gif --> www.mtb-lohja.com /mtb-lohja_html/yabbfiles/Templates/Forum/default poll_left.gif
2006.01.24 19:56 B D:\mtb-lohja_html\uusi\public_html\yabbfiles\Templates\Forum\default\poll_lock.gif --> www.mtb-lohja.com /mtb-lohja_html/yabbfiles/Templates/Forum/default poll_lock.gif
2006.01.24 19:56 B D:\mtb-lohja_html\uusi\public_html\yabbfiles\Templates\Forum\default\poll_lock2.gif --> www.mtb-lohja.com /mtb-lohja_html/yabbfiles/Templates/Forum/default poll_lock2.gif
2006.01.24 19:56 B D:\mtb-lohja_html\uusi\public_html\yabbfiles\Templates\Forum\default\poll_middle.gif --> www.mtb-lohja.com /mtb-lohja_html/yabbfiles/Templates/Forum/default poll_middle.gif
2006.01.24 19:56 B D:\mtb-lohja_html\uusi\public_html\yabbfiles\Templates\Forum\default\poll_mod.gif --> www.mtb-lohja.com /mtb-lohja_html/yabbfiles/Templates/Forum/default poll_mod.gif
2006.01.24 19:56 B D:\mtb-lohja_html\uusi\public_html\yabbfiles\Templates\Forum\default\poll_new.gif --> www.mtb-lohja.com /mtb-lohja_html/yabbfiles/Templates/Forum/default poll_new.gif
2006.01.24 19:56 B D:\mtb-lohja_html\uusi\public_html\yabbfiles\Templates\Forum\default\poll_new2.gif --> www.mtb-lohja.com /mtb-lohja_html/yabbfiles/Templates/Forum/default poll_new2.gif
2006.01.24 19:56 B D:\mtb-lohja_html\uusi\public_html\yabbfiles\Templates\Forum\default\poll_new3.gif --> www.mtb-lohja.com /mtb-lohja_html/yabbfiles/Templates/Forum/default poll_new3.gif
2006.01.24 19:56 B D:\mtb-lohja_html\uusi\public_html\yabbfiles\Templates\Forum\default\poll_open.gif --> www.mtb-lohja.com /mtb-lohja_html/yabbfiles/Templates/Forum/default poll_open.gif
2006.01.24 19:56 B D:\mtb-lohja_html\uusi\public_html\yabbfiles\Templates\Forum\default\poll_right.gif --> www.mtb-lohja.com /mtb-lohja_html/yabbfiles/Templates/Forum/default poll_right.gif
2006.01.24 19:56 B D:\mtb-lohja_html\uusi\public_html\yabbfiles\Templates\Forum\default\poll_vvote.gif --> www.mtb-lohja.com /mtb-lohja_html/yabbfiles/Templates/Forum/default poll_vvote.gif
2006.01.24 19:56 B D:\mtb-lohja_html\uusi\public_html\yabbfiles\Templates\Forum\default\pre.gif --> www.mtb-lohja.com /mtb-lohja_html/yabbfiles/Templates/Forum/default pre.gif
2006.01.24 19:56 B D:\mtb-lohja_html\uusi\public_html\yabbfiles\Templates\Forum\default\preferences.gif --> www.mtb-lohja.com /mtb-lohja_html/yabbfiles/Templates/Forum/default preferences.gif
2006.01.24 19:56 B D:\mtb-lohja_html\uusi\public_html\yabbfiles\Templates\Forum\default\prev.gif --> www.mtb-lohja.com /mtb-lohja_html/yabbfiles/Templates/Forum/default prev.gif
2006.01.24 19:56 B D:\mtb-lohja_html\uusi\public_html\yabbfiles\Templates\Forum\default\preview.gif --> www.mtb-lohja.com /mtb-lohja_html/yabbfiles/Templates/Forum/default preview.gif
2006.01.24 19:56 B D:\mtb-lohja_html\uusi\public_html\yabbfiles\Templates\Forum\default\preview0.gif --> www.mtb-lohja.com /mtb-lohja_html/yabbfiles/Templates/Forum/default preview0.gif
2006.01.24 19:56 B D:\mtb-lohja_html\uusi\public_html\yabbfiles\Templates\Forum\default\preview1.gif --> www.mtb-lohja.com /mtb-lohja_html/yabbfiles/Templates/Forum/default preview1.gif
2006.01.24 19:56 B D:\mtb-lohja_html\uusi\public_html\yabbfiles\Templates\Forum\default\print.gif --> www.mtb-lohja.com /mtb-lohja_html/yabbfiles/Templates/Forum/default print.gif
2006.01.24 19:56 B D:\mtb-lohja_html\uusi\public_html\yabbfiles\Templates\Forum\default\profile.gif --> www.mtb-lohja.com /mtb-lohja_html/yabbfiles/Templates/Forum/default profile.gif
2006.01.24 19:56 B D:\mtb-lohja_html\uusi\public_html\yabbfiles\Templates\Forum\default\question.gif --> www.mtb-lohja.com /mtb-lohja_html/yabbfiles/Templates/Forum/default question.gif
2006.01.24 19:56 B D:\mtb-lohja_html\uusi\public_html\yabbfiles\Templates\Forum\default\quote.gif --> www.mtb-lohja.com /mtb-lohja_html/yabbfiles/Templates/Forum/default quote.gif
2006.01.24 19:56 B D:\mtb-lohja_html\uusi\public_html\yabbfiles\Templates\Forum\default\quote2.gif --> www.mtb-lohja.com /mtb-lohja_html/yabbfiles/Templates/Forum/default quote2.gif
2006.01.24 19:56 B D:\mtb-lohja_html\uusi\public_html\yabbfiles\Templates\Forum\default\recycle.gif --> www.mtb-lohja.com /mtb-lohja_html/yabbfiles/Templates/Forum/default recycle.gif
2006.01.24 19:56 B D:\mtb-lohja_html\uusi\public_html\yabbfiles\Templates\Forum\default\red0.gif --> www.mtb-lohja.com /mtb-lohja_html/yabbfiles/Templates/Forum/default red0.gif
2006.01.24 19:56 B D:\mtb-lohja_html\uusi\public_html\yabbfiles\Templates\Forum\default\red1.gif --> www.mtb-lohja.com /mtb-lohja_html/yabbfiles/Templates/Forum/default red1.gif
2006.01.24 19:56 B D:\mtb-lohja_html\uusi\public_html\yabbfiles\Templates\Forum\default\red_folder.gif --> www.mtb-lohja.com /mtb-lohja_html/yabbfiles/Templates/Forum/default red_folder.gif
2006.01.24 19:56 B D:\mtb-lohja_html\uusi\public_html\yabbfiles\Templates\Forum\default\redoff.gif --> www.mtb-lohja.com /mtb-lohja_html/yabbfiles/Templates/Forum/default redoff.gif
2006.01.24 19:56 B D:\mtb-lohja_html\uusi\public_html\yabbfiles\Templates\Forum\default\register.gif --> www.mtb-lohja.com /mtb-lohja_html/yabbfiles/Templates/Forum/default register.gif
2006.01.24 19:56 B D:\mtb-lohja_html\uusi\public_html\yabbfiles\Templates\Forum\default\remfav.gif --> www.mtb-lohja.com /mtb-lohja_html/yabbfiles/Templates/Forum/default remfav.gif
2006.01.24 19:56 B D:\mtb-lohja_html\uusi\public_html\yabbfiles\Templates\Forum\default\remove.gif --> www.mtb-lohja.com /mtb-lohja_html/yabbfiles/Templates/Forum/default remove.gif
2006.01.24 19:56 B D:\mtb-lohja_html\uusi\public_html\yabbfiles\Templates\Forum\default\reorder.gif --> www.mtb-lohja.com /mtb-lohja_html/yabbfiles/Templates/Forum/default reorder.gif
2006.01.24 19:56 B D:\mtb-lohja_html\uusi\public_html\yabbfiles\Templates\Forum\default\reply.gif --> www.mtb-lohja.com /mtb-lohja_html/yabbfiles/Templates/Forum/default reply.gif
2006.01.24 19:56 B D:\mtb-lohja_html\uusi\public_html\yabbfiles\Templates\Forum\default\right.gif --> www.mtb-lohja.com /mtb-lohja_html/yabbfiles/Templates/Forum/default right.gif
2006.01.24 19:56 B D:\mtb-lohja_html\uusi\public_html\yabbfiles\Templates\Forum\default\rolleyes.gif --> www.mtb-lohja.com /mtb-lohja_html/yabbfiles/Templates/Forum/default rolleyes.gif
2006.01.24 19:56 B D:\mtb-lohja_html\uusi\public_html\yabbfiles\Templates\Forum\default\sad.gif --> www.mtb-lohja.com /mtb-lohja_html/yabbfiles/Templates/Forum/default sad.gif
2006.01.24 19:56 B D:\mtb-lohja_html\uusi\public_html\yabbfiles\Templates\Forum\default\search.gif --> www.mtb-lohja.com /mtb-lohja_html/yabbfiles/Templates/Forum/default search.gif
2006.01.24 19:56 B D:\mtb-lohja_html\uusi\public_html\yabbfiles\Templates\Forum\default\sendtopic.gif --> www.mtb-lohja.com /mtb-lohja_html/yabbfiles/Templates/Forum/default sendtopic.gif
2006.01.24 19:56 B D:\mtb-lohja_html\uusi\public_html\yabbfiles\Templates\Forum\default\session.gif --> www.mtb-lohja.com /mtb-lohja_html/yabbfiles/Templates/Forum/default session.gif
2006.01.24 19:56 B D:\mtb-lohja_html\uusi\public_html\yabbfiles\Templates\Forum\default\sf.gif --> www.mtb-lohja.com /mtb-lohja_html/yabbfiles/Templates/Forum/default sf.gif
2006.01.24 19:56 B D:\mtb-lohja_html\uusi\public_html\yabbfiles\Templates\Forum\default\shad-0.gif --> www.mtb-lohja.com /mtb-lohja_html/yabbfiles/Templates/Forum/default shad-0.gif
2006.01.24 19:56 B D:\mtb-lohja_html\uusi\public_html\yabbfiles\Templates\Forum\default\shad-b.gif --> www.mtb-lohja.com /mtb-lohja_html/yabbfiles/Templates/Forum/default shad-b.gif
2006.01.24 19:56 B D:\mtb-lohja_html\uusi\public_html\yabbfiles\Templates\Forum\default\shad-bl.gif --> www.mtb-lohja.com /mtb-lohja_html/yabbfiles/Templates/Forum/default shad-bl.gif
2006.01.24 19:56 B D:\mtb-lohja_html\uusi\public_html\yabbfiles\Templates\Forum\default\shad-br.gif --> www.mtb-lohja.com /mtb-lohja_html/yabbfiles/Templates/Forum/default shad-br.gif
2006.01.24 19:56 B D:\mtb-lohja_html\uusi\public_html\yabbfiles\Templates\Forum\default\shad-l.gif --> www.mtb-lohja.com /mtb-lohja_html/yabbfiles/Templates/Forum/default shad-l.gif
2006.01.24 19:56 B D:\mtb-lohja_html\uusi\public_html\yabbfiles\Templates\Forum\default\shad-lt.gif --> www.mtb-lohja.com /mtb-lohja_html/yabbfiles/Templates/Forum/default shad-lt.gif
2006.01.24 19:56 B D:\mtb-lohja_html\uusi\public_html\yabbfiles\Templates\Forum\default\shad-r.gif --> www.mtb-lohja.com /mtb-lohja_html/yabbfiles/Templates/Forum/default shad-r.gif
2006.01.24 19:56 B D:\mtb-lohja_html\uusi\public_html\yabbfiles\Templates\Forum\default\shad-rt.gif --> www.mtb-lohja.com /mtb-lohja_html/yabbfiles/Templates/Forum/default shad-rt.gif
2006.01.24 19:56 B D:\mtb-lohja_html\uusi\public_html\yabbfiles\Templates\Forum\default\shad-t.gif --> www.mtb-lohja.com /mtb-lohja_html/yabbfiles/Templates/Forum/default shad-t.gif
2006.01.24 19:56 B D:\mtb-lohja_html\uusi\public_html\yabbfiles\Templates\Forum\default\shadow.gif --> www.mtb-lohja.com /mtb-lohja_html/yabbfiles/Templates/Forum/default shadow.gif
2006.01.24 19:56 B D:\mtb-lohja_html\uusi\public_html\yabbfiles\Templates\Forum\default\shocked.gif --> www.mtb-lohja.com /mtb-lohja_html/yabbfiles/Templates/Forum/default shocked.gif
2006.01.24 19:56 B D:\mtb-lohja_html\uusi\public_html\yabbfiles\Templates\Forum\default\size.gif --> www.mtb-lohja.com /mtb-lohja_html/yabbfiles/Templates/Forum/default size.gif
2006.01.24 19:56 B D:\mtb-lohja_html\uusi\public_html\yabbfiles\Templates\Forum\default\size1.gif --> www.mtb-lohja.com /mtb-lohja_html/yabbfiles/Templates/Forum/default size1.gif
2006.01.24 19:56 B D:\mtb-lohja_html\uusi\public_html\yabbfiles\Templates\Forum\default\smiley.gif --> www.mtb-lohja.com /mtb-lohja_html/yabbfiles/Templates/Forum/default smiley.gif
2006.01.24 19:56 B D:\mtb-lohja_html\uusi\public_html\yabbfiles\Templates\Forum\default\smiley_down.gif --> www.mtb-lohja.com /mtb-lohja_html/yabbfiles/Templates/Forum/default smiley_down.gif
2006.01.24 19:56 B D:\mtb-lohja_html\uusi\public_html\yabbfiles\Templates\Forum\default\smiley_up.gif --> www.mtb-lohja.com /mtb-lohja_html/yabbfiles/Templates/Forum/default smiley_up.gif
2006.01.24 19:56 B D:\mtb-lohja_html\uusi\public_html\yabbfiles\Templates\Forum\default\sort.gif --> www.mtb-lohja.com /mtb-lohja_html/yabbfiles/Templates/Forum/default sort.gif
2006.01.24 19:56 B D:\mtb-lohja_html\uusi\public_html\yabbfiles\Templates\Forum\default\sorted.gif --> www.mtb-lohja.com /mtb-lohja_html/yabbfiles/Templates/Forum/default sorted.gif
2006.01.24 19:56 B D:\mtb-lohja_html\uusi\public_html\yabbfiles\Templates\Forum\default\star.gif --> www.mtb-lohja.com /mtb-lohja_html/yabbfiles/Templates/Forum/default star.gif
2006.01.24 19:56 B D:\mtb-lohja_html\uusi\public_html\yabbfiles\Templates\Forum\default\staradmin.gif --> www.mtb-lohja.com /mtb-lohja_html/yabbfiles/Templates/Forum/default staradmin.gif
2006.01.24 19:56 B D:\mtb-lohja_html\uusi\public_html\yabbfiles\Templates\Forum\default\starblue.gif --> www.mtb-lohja.com /mtb-lohja_html/yabbfiles/Templates/Forum/default starblue.gif
2006.01.24 19:56 B D:\mtb-lohja_html\uusi\public_html\yabbfiles\Templates\Forum\default\stargmod.gif --> www.mtb-lohja.com /mtb-lohja_html/yabbfiles/Templates/Forum/default stargmod.gif
2006.01.24 19:56 B D:\mtb-lohja_html\uusi\public_html\yabbfiles\Templates\Forum\default\stargold.gif --> www.mtb-lohja.com /mtb-lohja_html/yabbfiles/Templates/Forum/default stargold.gif
2006.01.24 19:56 B D:\mtb-lohja_html\uusi\public_html\yabbfiles\Templates\Forum\default\starmod.gif --> www.mtb-lohja.com /mtb-lohja_html/yabbfiles/Templates/Forum/default starmod.gif
2006.01.24 19:56 B D:\mtb-lohja_html\uusi\public_html\yabbfiles\Templates\Forum\default\starsilver.gif --> www.mtb-lohja.com /mtb-lohja_html/yabbfiles/Templates/Forum/default starsilver.gif
2006.01.24 19:57 B D:\mtb-lohja_html\uusi\public_html\yabbfiles\Templates\Forum\default\sticky.gif --> www.mtb-lohja.com /mtb-lohja_html/yabbfiles/Templates/Forum/default sticky.gif
2006.01.24 19:57 B D:\mtb-lohja_html\uusi\public_html\yabbfiles\Templates\Forum\default\stickylock.gif --> www.mtb-lohja.com /mtb-lohja_html/yabbfiles/Templates/Forum/default stickylock.gif
2006.01.24 19:57 B D:\mtb-lohja_html\uusi\public_html\yabbfiles\Templates\Forum\default\strike.gif --> www.mtb-lohja.com /mtb-lohja_html/yabbfiles/Templates/Forum/default strike.gif
2006.01.24 19:57 B D:\mtb-lohja_html\uusi\public_html\yabbfiles\Templates\Forum\default\sub.gif --> www.mtb-lohja.com /mtb-lohja_html/yabbfiles/Templates/Forum/default sub.gif
2006.01.24 19:57 B D:\mtb-lohja_html\uusi\public_html\yabbfiles\Templates\Forum\default\sup.gif --> www.mtb-lohja.com /mtb-lohja_html/yabbfiles/Templates/Forum/default sup.gif
2006.01.24 19:57 B D:\mtb-lohja_html\uusi\public_html\yabbfiles\Templates\Forum\default\table.gif --> www.mtb-lohja.com /mtb-lohja_html/yabbfiles/Templates/Forum/default table.gif
2006.01.24 19:57 B D:\mtb-lohja_html\uusi\public_html\yabbfiles\Templates\Forum\default\td.gif --> www.mtb-lohja.com /mtb-lohja_html/yabbfiles/Templates/Forum/default td.gif
2006.01.24 19:57 B D:\mtb-lohja_html\uusi\public_html\yabbfiles\Templates\Forum\default\tele.gif --> www.mtb-lohja.com /mtb-lohja_html/yabbfiles/Templates/Forum/default tele.gif
2006.01.24 19:57 B D:\mtb-lohja_html\uusi\public_html\yabbfiles\Templates\Forum\default\thread.gif --> www.mtb-lohja.com /mtb-lohja_html/yabbfiles/Templates/Forum/default thread.gif
2006.01.24 19:57 B D:\mtb-lohja_html\uusi\public_html\yabbfiles\Templates\Forum\default\thumbdown.gif --> www.mtb-lohja.com /mtb-lohja_html/yabbfiles/Templates/Forum/default thumbdown.gif
2006.01.24 19:57 B D:\mtb-lohja_html\uusi\public_html\yabbfiles\Templates\Forum\default\thumbsup.gif --> www.mtb-lohja.com /mtb-lohja_html/yabbfiles/Templates/Forum/default thumbsup.gif
2006.01.24 19:57 B D:\mtb-lohja_html\uusi\public_html\yabbfiles\Templates\Forum\default\thumbup.gif --> www.mtb-lohja.com /mtb-lohja_html/yabbfiles/Templates/Forum/default thumbup.gif
2006.01.24 19:57 B D:\mtb-lohja_html\uusi\public_html\yabbfiles\Templates\Forum\default\timestamp.gif --> www.mtb-lohja.com /mtb-lohja_html/yabbfiles/Templates/Forum/default timestamp.gif
2006.01.24 19:57 B D:\mtb-lohja_html\uusi\public_html\yabbfiles\Templates\Forum\default\tline.gif --> www.mtb-lohja.com /mtb-lohja_html/yabbfiles/Templates/Forum/default tline.gif
2006.01.24 19:57 B D:\mtb-lohja_html\uusi\public_html\yabbfiles\Templates\Forum\default\tline2.gif --> www.mtb-lohja.com /mtb-lohja_html/yabbfiles/Templates/Forum/default tline2.gif
2006.01.24 19:57 B D:\mtb-lohja_html\uusi\public_html\yabbfiles\Templates\Forum\default\tline3.gif --> www.mtb-lohja.com /mtb-lohja_html/yabbfiles/Templates/Forum/default tline3.gif
2006.01.24 19:57 B D:\mtb-lohja_html\uusi\public_html\yabbfiles\Templates\Forum\default\tongue.gif --> www.mtb-lohja.com /mtb-lohja_html/yabbfiles/Templates/Forum/default tongue.gif
2006.01.24 19:57 B D:\mtb-lohja_html\uusi\public_html\yabbfiles\Templates\Forum\default\tr.gif --> www.mtb-lohja.com /mtb-lohja_html/yabbfiles/Templates/Forum/default tr.gif
2006.01.24 19:57 B D:\mtb-lohja_html\uusi\public_html\yabbfiles\Templates\Forum\default\undecided.gif --> www.mtb-lohja.com /mtb-lohja_html/yabbfiles/Templates/Forum/default undecided.gif
2006.01.24 19:57 B D:\mtb-lohja_html\uusi\public_html\yabbfiles\Templates\Forum\default\underline.gif --> www.mtb-lohja.com /mtb-lohja_html/yabbfiles/Templates/Forum/default underline.gif
2006.01.24 19:57 B D:\mtb-lohja_html\uusi\public_html\yabbfiles\Templates\Forum\default\url.gif --> www.mtb-lohja.com /mtb-lohja_html/yabbfiles/Templates/Forum/default url.gif
2006.01.24 19:57 B D:\mtb-lohja_html\uusi\public_html\yabbfiles\Templates\Forum\default\usage.gif --> www.mtb-lohja.com /mtb-lohja_html/yabbfiles/Templates/Forum/default usage.gif
2006.01.24 19:57 B D:\mtb-lohja_html\uusi\public_html\yabbfiles\Templates\Forum\default\usagebar.gif --> www.mtb-lohja.com /mtb-lohja_html/yabbfiles/Templates/Forum/default usagebar.gif
2006.01.24 19:57 B D:\mtb-lohja_html\uusi\public_html\yabbfiles\Templates\Forum\default\usageempty.gif --> www.mtb-lohja.com /mtb-lohja_html/yabbfiles/Templates/Forum/default usageempty.gif
2006.01.24 19:57 B D:\mtb-lohja_html\uusi\public_html\yabbfiles\Templates\Forum\default\valid-xhtml10.gif --> www.mtb-lohja.com /mtb-lohja_html/yabbfiles/Templates/Forum/default valid-xhtml10.gif
2006.01.24 19:57 B D:\mtb-lohja_html\uusi\public_html\yabbfiles\Templates\Forum\default\vcss.gif --> www.mtb-lohja.com /mtb-lohja_html/yabbfiles/Templates/Forum/default vcss.gif
2006.01.24 19:57 B D:\mtb-lohja_html\uusi\public_html\yabbfiles\Templates\Forum\default\veryhotthread.gif --> www.mtb-lohja.com /mtb-lohja_html/yabbfiles/Templates/Forum/default veryhotthread.gif
2006.01.24 19:57 B D:\mtb-lohja_html\uusi\public_html\yabbfiles\Templates\Forum\default\wink.gif --> www.mtb-lohja.com /mtb-lohja_html/yabbfiles/Templates/Forum/default wink.gif
